[2018-10-26 04:31:37] production.ERROR: PDOException: SQLSTATE[42S21]: Column already exists: 1060 Duplicate column name 'transaction_number' in /home/gerzahim/inventory_arsenal/core/vendor/doctrine/dbal/lib/Doctrine/DBAL/Driver/PDOStatement.php:142
Stack trace:
#0 /home/gerzahim/inventory_arsenal/core/vendor/doctrine/dbal/lib/Doctrine/DBAL/Driver/PDOStatement.php(142): PDOStatement->execute(NULL)
#1 /home/gerzahim/inventory_arsenal/core/vendor/laravel/framework/src/Illuminate/Database/Connection.php(480): Doctrine\DBAL\Driver\PDOStatement->execute()
#2 /home/gerzahim/inventory_arsenal/core/vendor/laravel/framework/src/Illuminate/Database/Connection.php(763): Illuminate\Database\Connection->Illuminate\Database\{closure}(Object(Illuminate\Database\MySqlConnection), 'alter table `tr...', Array)
#3 /home/gerzahim/inventory_arsenal/core/vendor/laravel/framework/src/Illuminate/Database/Connection.php(726): Illuminate\Database\Connection->runQueryCallback('alter table `tr...', Array, Object(Closure))
#4 /home/gerzahim/inventory_arsenal/core/vendor/laravel/framework/src/Illuminate/Database/Connection.php(481): Illuminate\Database\Connection->run('alter table `tr...', Array, Object(Closure))
#5 /home/gerzahim/inventory_arsenal/core/vendor/laravel/framework/src/Illuminate/Database/Schema/Blueprint.php(83): Illuminate\Database\Connection->statement('alter table `tr...')
#6 /home/gerzahim/inventory_arsenal/core/vendor/laravel/framework/src/Illuminate/Database/Schema/Builder.php(229): Illuminate\Database\Schema\Blueprint->build(Object(Illuminate\Database\MySqlConnection), Object(Illuminate\Database\Schema\Grammars\MySqlGrammar))
#7 /home/gerzahim/inventory_arsenal/core/vendor/laravel/framework/src/Illuminate/Database/Schema/Builder.php(130): Illuminate\Database\Schema\Builder->build(Object(Illuminate\Database\Schema\Blueprint))
#8 /home/gerzahim/inventory_arsenal/core/vendor/laravel/framework/src/Illuminate/Support/Facades/Facade.php(237): Illuminate\Database\Schema\Builder->table('transactions', Object(Closure))
#9 /home/gerzahim/inventory_arsenal/core/database/migrations/2018_10_10_233040_add_field_transaction_number_to_transactions_table.php(19): Illuminate\Support\Facades\Facade::__callStatic('table', Array)
#10 /home/gerzahim/inventory_arsenal/core/vendor/laravel/framework/src/Illuminate/Database/Migrations/Migrator.php(373): AddFieldTransactionNumberToTransactionsTable->up()
#11 /home/gerzahim/inventory_arsenal/core/vendor/laravel/framework/src/Illuminate/Database/Migrations/Migrator.php(380): Illuminate\Database\Migrations\Migrator->Illuminate\Database\Migrations\{closure}()
#12 /home/gerzahim/inventory_arsenal/core/vendor/laravel/framework/src/Illuminate/Database/Migrations/Migrator.php(162): Illuminate\Database\Migrations\Migrator->runMigration(Object(AddFieldTransactionNumberToTransactionsTable), 'up')
#13 /home/gerzahim/inventory_arsenal/core/vendor/laravel/framework/src/Illuminate/Database/Migrations/Migrator.php(130): Illuminate\Database\Migrations\Migrator->runUp('2018_10_10_2330...', 3, false)
#14 /home/gerzahim/inventory_arsenal/core/vendor/laravel/framework/src/Illuminate/Database/Migrations/Migrator.php(97): Illuminate\Database\Migrations\Migrator->runMigrationList(Array, Array)
#15 /home/gerzahim/inventory_arsenal/core/vendor/laravel/framework/src/Illuminate/Database/Console/Migrations/MigrateCommand.php(65): Illuminate\Database\Migrations\Migrator->run(Array, Array)
#16 [internal function]: Illuminate\Database\Console\Migrations\MigrateCommand->fire()
#17 /home/gerzahim/inventory_arsenal/core/vendor/laravel/framework/src/Illuminate/Container/Container.php(508): call_user_func_array(Array, Array)
#18 /home/gerzahim/inventory_arsenal/core/vendor/laravel/framework/src/Illuminate/Console/Command.php(169): Illuminate\Container\Container->call(Array)
#19 /home/gerzahim/inventory_arsenal/core/vendor/symfony/console/Command/Command.php(261): Illuminate\Console\Command->execute(Object(Symfony\Component\Console\Input\ArgvInput), Object(Symfony\Component\Console\Output\ConsoleOutput))
#20 /home/gerzahim/inventory_arsenal/core/vendor/laravel/framework/src/Illuminate/Console/Command.php(155): Symfony\Component\Console\Command\Command->run(Object(Symfony\Component\Console\Input\ArgvInput), Object(Symfony\Component\Console\Output\ConsoleOutput))
#21 /home/gerzahim/inventory_arsenal/core/vendor/symfony/console/Application.php(817): Illuminate\Console\Command->run(Object(Symfony\Component\Console\Input\ArgvInput), Object(Symfony\Component\Console\Output\ConsoleOutput))
#22 /home/gerzahim/inventory_arsenal/core/vendor/symfony/console/Application.php(185): Symfony\Component\Console\Application->doRunCommand(Object(Illuminate\Database\Console\Migrations\MigrateCommand), Object(Symfony\Component\Console\Input\ArgvInput), Object(Symfony\Component\Console\Output\ConsoleOutput))
#23 /home/gerzahim/inventory_arsenal/core/vendor/symfony/console/Application.php(116): Symfony\Component\Console\Application->doRun(Object(Symfony\Component\Console\Input\ArgvInput), Object(Symfony\Component\Console\Output\ConsoleOutput))
#24 /home/gerzahim/inventory_arsenal/core/vendor/laravel/framework/src/Illuminate/Foundation/Console/Kernel.php(121): Symfony\Component\Console\Application->run(Object(Symfony\Component\Console\Input\ArgvInput), Object(Symfony\Component\Console\Output\ConsoleOutput))
#25 /home/gerzahim/inventory_arsenal/core/artisan(35): Illuminate\Foundation\Console\Kernel->handle(Object(Symfony\Component\Console\Input\ArgvInput), Object(Symfony\Component\Console\Output\ConsoleOutput))
#26 {main}

Next Doctrine\DBAL\Driver\PDOException: SQLSTATE[42S21]: Column already exists: 1060 Duplicate column name 'transaction_number' in /home/gerzahim/inventory_arsenal/core/vendor/doctrine/dbal/lib/Doctrine/DBAL/Driver/PDOStatement.php:144
Stack trace:
#0 /home/gerzahim/inventory_arsenal/core/vendor/laravel/framework/src/Illuminate/Database/Connection.php(480): Doctrine\DBAL\Driver\PDOStatement->execute()
#1 /home/gerzahim/inventory_arsenal/core/vendor/laravel/framework/src/Illuminate/Database/Connection.php(763): Illuminate\Database\Connection->Illuminate\Database\{closure}(Object(Illuminate\Database\MySqlConnection), 'alter table `tr...', Array)
#2 /home/gerzahim/inventory_arsenal/core/vendor/laravel/framework/src/Illuminate/Database/Connection.php(726): Illuminate\Database\Connection->runQueryCallback('alter table `tr...', Array, Object(Closure))
#3 /home/gerzahim/inventory_arsenal/core/vendor/laravel/framework/src/Illuminate/Database/Connection.php(481): Illuminate\Database\Connection->run('alter table `tr...', Array, Object(Closure))
#4 /home/gerzahim/inventory_arsenal/core/vendor/laravel/framework/src/Illuminate/Database/Schema/Blueprint.php(83): Illuminate\Database\Connection->statement('alter table `tr...')
#5 /home/gerzahim/inventory_arsenal/core/vendor/laravel/framework/src/Illuminate/Database/Schema/Builder.php(229): Illuminate\Database\Schema\Blueprint->build(Object(Illuminate\Database\MySqlConnection), Object(Illuminate\Database\Schema\Grammars\MySqlGrammar))
#6 /home/gerzahim/inventory_arsenal/core/vendor/laravel/framework/src/Illuminate/Database/Schema/Builder.php(130): Illuminate\Database\Schema\Builder->build(Object(Illuminate\Database\Schema\Blueprint))
#7 /home/gerzahim/inventory_arsenal/core/vendor/laravel/framework/src/Illuminate/Support/Facades/Facade.php(237): Illuminate\Database\Schema\Builder->table('transactions', Object(Closure))
#8 /home/gerzahim/inventory_arsenal/core/database/migrations/2018_10_10_233040_add_field_transaction_number_to_transactions_table.php(19): Illuminate\Support\Facades\Facade::__callStatic('table', Array)
#9 /home/gerzahim/inventory_arsenal/core/vendor/laravel/framework/src/Illuminate/Database/Migrations/Migrator.php(373): AddFieldTransactionNumberToTransactionsTable->up()
#10 /home/gerzahim/inventory_arsenal/core/vendor/laravel/framework/src/Illuminate/Database/Migrations/Migrator.php(380): Illuminate\Database\Migrations\Migrator->Illuminate\Database\Migrations\{closure}()
#11 /home/gerzahim/inventory_arsenal/core/vendor/laravel/framework/src/Illuminate/Database/Migrations/Migrator.php(162): Illuminate\Database\Migrations\Migrator->runMigration(Object(AddFieldTransactionNumberToTransactionsTable), 'up')
#12 /home/gerzahim/inventory_arsenal/core/vendor/laravel/framework/src/Illuminate/Database/Migrations/Migrator.php(130): Illuminate\Database\Migrations\Migrator->runUp('2018_10_10_2330...', 3, false)
#13 /home/gerzahim/inventory_arsenal/core/vendor/laravel/framework/src/Illuminate/Database/Migrations/Migrator.php(97): Illuminate\Database\Migrations\Migrator->runMigrationList(Array, Array)
#14 /home/gerzahim/inventory_arsenal/core/vendor/laravel/framework/src/Illuminate/Database/Console/Migrations/MigrateCommand.php(65): Illuminate\Database\Migrations\Migrator->run(Array, Array)
#15 [internal function]: Illuminate\Database\Console\Migrations\MigrateCommand->fire()
#16 /home/gerzahim/inventory_arsenal/core/vendor/laravel/framework/src/Illuminate/Container/Container.php(508): call_user_func_array(Array, Array)
#17 /home/gerzahim/inventory_arsenal/core/vendor/laravel/framework/src/Illuminate/Console/Command.php(169): Illuminate\Container\Container->call(Array)
#18 /home/gerzahim/inventory_arsenal/core/vendor/symfony/console/Command/Command.php(261): Illuminate\Console\Command->execute(Object(Symfony\Component\Console\Input\ArgvInput), Object(Symfony\Component\Console\Output\ConsoleOutput))
#19 /home/gerzahim/inventory_arsenal/core/vendor/laravel/framework/src/Illuminate/Console/Command.php(155): Symfony\Component\Console\Command\Command->run(Object(Symfony\Component\Console\Input\ArgvInput), Object(Symfony\Component\Console\Output\ConsoleOutput))
#20 /home/gerzahim/inventory_arsenal/core/vendor/symfony/console/Application.php(817): Illuminate\Console\Command->run(Object(Symfony\Component\Console\Input\ArgvInput), Object(Symfony\Component\Console\Output\ConsoleOutput))
#21 /home/gerzahim/inventory_arsenal/core/vendor/symfony/console/Application.php(185): Symfony\Component\Console\Application->doRunCommand(Object(Illuminate\Database\Console\Migrations\MigrateCommand), Object(Symfony\Component\Console\Input\ArgvInput), Object(Symfony\Component\Console\Output\ConsoleOutput))
#22 /home/gerzahim/inventory_arsenal/core/vendor/symfony/console/Application.php(116): Symfony\Component\Console\Application->doRun(Object(Symfony\Component\Console\Input\ArgvInput), Object(Symfony\Component\Console\Output\ConsoleOutput))
#23 /home/gerzahim/inventory_arsenal/core/vendor/laravel/framework/src/Illuminate/Foundation/Console/Kernel.php(121): Symfony\Component\Console\Application->run(Object(Symfony\Component\Console\Input\ArgvInput), Object(Symfony\Component\Console\Output\ConsoleOutput))
#24 /home/gerzahim/inventory_arsenal/core/artisan(35): Illuminate\Foundation\Console\Kernel->handle(Object(Symfony\Component\Console\Input\ArgvInput), Object(Symfony\Component\Console\Output\ConsoleOutput))
#25 {main}

Next Illuminate\Database\QueryException: SQLSTATE[42S21]: Column already exists: 1060 Duplicate column name 'transaction_number' (SQL: alter table `transactions` add `transaction_number` int not null auto_increment primary key after `uuid`) in /home/gerzahim/inventory_arsenal/core/vendor/laravel/framework/src/Illuminate/Database/Connection.php:770
Stack trace:
#0 /home/gerzahim/inventory_arsenal/core/vendor/laravel/framework/src/Illuminate/Database/Connection.php(726): Illuminate\Database\Connection->runQueryCallback('alter table `tr...', Array, Object(Closure))
#1 /home/gerzahim/inventory_arsenal/core/vendor/laravel/framework/src/Illuminate/Database/Connection.php(481): Illuminate\Database\Connection->run('alter table `tr...', Array, Object(Closure))
#2 /home/gerzahim/inventory_arsenal/core/vendor/laravel/framework/src/Illuminate/Database/Schema/Blueprint.php(83): Illuminate\Database\Connection->statement('alter table `tr...')
#3 /home/gerzahim/inventory_arsenal/core/vendor/laravel/framework/src/Illuminate/Database/Schema/Builder.php(229): Illuminate\Database\Schema\Blueprint->build(Object(Illuminate\Database\MySqlConnection), Object(Illuminate\Database\Schema\Grammars\MySqlGrammar))
#4 /home/gerzahim/inventory_arsenal/core/vendor/laravel/framework/src/Illuminate/Database/Schema/Builder.php(130): Illuminate\Database\Schema\Builder->build(Object(Illuminate\Database\Schema\Blueprint))
#5 /home/gerzahim/inventory_arsenal/core/vendor/laravel/framework/src/Illuminate/Support/Facades/Facade.php(237): Illuminate\Database\Schema\Builder->table('transactions', Object(Closure))
#6 /home/gerzahim/inventory_arsenal/core/database/migrations/2018_10_10_233040_add_field_transaction_number_to_transactions_table.php(19): Illuminate\Support\Facades\Facade::__callStatic('table', Array)
#7 /home/gerzahim/inventory_arsenal/core/vendor/laravel/framework/src/Illuminate/Database/Migrations/Migrator.php(373): AddFieldTransactionNumberToTransactionsTable->up()
#8 /home/gerzahim/inventory_arsenal/core/vendor/laravel/framework/src/Illuminate/Database/Migrations/Migrator.php(380): Illuminate\Database\Migrations\Migrator->Illuminate\Database\Migrations\{closure}()
#9 /home/gerzahim/inventory_arsenal/core/vendor/laravel/framework/src/Illuminate/Database/Migrations/Migrator.php(162): Illuminate\Database\Migrations\Migrator->runMigration(Object(AddFieldTransactionNumberToTransactionsTable), 'up')
#10 /home/gerzahim/inventory_arsenal/core/vendor/laravel/framework/src/Illuminate/Database/Migrations/Migrator.php(130): Illuminate\Database\Migrations\Migrator->runUp('2018_10_10_2330...', 3, false)
#11 /home/gerzahim/inventory_arsenal/core/vendor/laravel/framework/src/Illuminate/Database/Migrations/Migrator.php(97): Illuminate\Database\Migrations\Migrator->runMigrationList(Array, Array)
#12 /home/gerzahim/inventory_arsenal/core/vendor/laravel/framework/src/Illuminate/Database/Console/Migrations/MigrateCommand.php(65): Illuminate\Database\Migrations\Migrator->run(Array, Array)
#13 [internal function]: Illuminate\Database\Console\Migrations\MigrateCommand->fire()
#14 /home/gerzahim/inventory_arsenal/core/vendor/laravel/framework/src/Illuminate/Container/Container.php(508): call_user_func_array(Array, Array)
#15 /home/gerzahim/inventory_arsenal/core/vendor/laravel/framework/src/Illuminate/Console/Command.php(169): Illuminate\Container\Container->call(Array)
#16 /home/gerzahim/inventory_arsenal/core/vendor/symfony/console/Command/Command.php(261): Illuminate\Console\Command->execute(Object(Symfony\Component\Console\Input\ArgvInput), Object(Symfony\Component\Console\Output\ConsoleOutput))
#17 /home/gerzahim/inventory_arsenal/core/vendor/laravel/framework/src/Illuminate/Console/Command.php(155): Symfony\Component\Console\Command\Command->run(Object(Symfony\Component\Console\Input\ArgvInput), Object(Symfony\Component\Console\Output\ConsoleOutput))
#18 /home/gerzahim/inventory_arsenal/core/vendor/symfony/console/Application.php(817): Illuminate\Console\Command->run(Object(Symfony\Component\Console\Input\ArgvInput), Object(Symfony\Component\Console\Output\ConsoleOutput))
#19 /home/gerzahim/inventory_arsenal/core/vendor/symfony/console/Application.php(185): Symfony\Component\Console\Application->doRunCommand(Object(Illuminate\Database\Console\Migrations\MigrateCommand), Object(Symfony\Component\Console\Input\ArgvInput), Object(Symfony\Component\Console\Output\ConsoleOutput))
#20 /home/gerzahim/inventory_arsenal/core/vendor/symfony/console/Application.php(116): Symfony\Component\Console\Application->doRun(Object(Symfony\Component\Console\Input\ArgvInput), Object(Symfony\Component\Console\Output\ConsoleOutput))
#21 /home/gerzahim/inventory_arsenal/core/vendor/laravel/framework/src/Illuminate/Foundation/Console/Kernel.php(121): Symfony\Component\Console\Application->run(Object(Symfony\Component\Console\Input\ArgvInput), Object(Symfony\Component\Console\Output\ConsoleOutput))
#22 /home/gerzahim/inventory_arsenal/core/artisan(35): Illuminate\Foundation\Console\Kernel->handle(Object(Symfony\Component\Console\Input\ArgvInput), Object(Symfony\Component\Console\Output\ConsoleOutput))
#23 {main}  
[2018-10-26 04:36:27] production.ERROR: PDOException: SQLSTATE[42S21]: Column already exists: 1060 Duplicate column name 'transaction_number' in /home/gerzahim/inventory_arsenal/core/vendor/doctrine/dbal/lib/Doctrine/DBAL/Driver/PDOStatement.php:142
Stack trace:
#0 /home/gerzahim/inventory_arsenal/core/vendor/doctrine/dbal/lib/Doctrine/DBAL/Driver/PDOStatement.php(142): PDOStatement->execute(NULL)
#1 /home/gerzahim/inventory_arsenal/core/vendor/laravel/framework/src/Illuminate/Database/Connection.php(480): Doctrine\DBAL\Driver\PDOStatement->execute()
#2 /home/gerzahim/inventory_arsenal/core/vendor/laravel/framework/src/Illuminate/Database/Connection.php(763): Illuminate\Database\Connection->Illuminate\Database\{closure}(Object(Illuminate\Database\MySqlConnection), 'alter table `tr...', Array)
#3 /home/gerzahim/inventory_arsenal/core/vendor/laravel/framework/src/Illuminate/Database/Connection.php(726): Illuminate\Database\Connection->runQueryCallback('alter table `tr...', Array, Object(Closure))
#4 /home/gerzahim/inventory_arsenal/core/vendor/laravel/framework/src/Illuminate/Database/Connection.php(481): Illuminate\Database\Connection->run('alter table `tr...', Array, Object(Closure))
#5 /home/gerzahim/inventory_arsenal/core/vendor/laravel/framework/src/Illuminate/Database/Schema/Blueprint.php(83): Illuminate\Database\Connection->statement('alter table `tr...')
#6 /home/gerzahim/inventory_arsenal/core/vendor/laravel/framework/src/Illuminate/Database/Schema/Builder.php(229): Illuminate\Database\Schema\Blueprint->build(Object(Illuminate\Database\MySqlConnection), Object(Illuminate\Database\Schema\Grammars\MySqlGrammar))
#7 /home/gerzahim/inventory_arsenal/core/vendor/laravel/framework/src/Illuminate/Database/Schema/Builder.php(130): Illuminate\Database\Schema\Builder->build(Object(Illuminate\Database\Schema\Blueprint))
#8 /home/gerzahim/inventory_arsenal/core/vendor/laravel/framework/src/Illuminate/Support/Facades/Facade.php(237): Illuminate\Database\Schema\Builder->table('transactions', Object(Closure))
#9 /home/gerzahim/inventory_arsenal/core/database/migrations/2018_10_10_233040_add_field_transaction_number_to_transactions_table.php(19): Illuminate\Support\Facades\Facade::__callStatic('table', Array)
#10 /home/gerzahim/inventory_arsenal/core/vendor/laravel/framework/src/Illuminate/Database/Migrations/Migrator.php(373): AddFieldTransactionNumberToTransactionsTable->up()
#11 /home/gerzahim/inventory_arsenal/core/vendor/laravel/framework/src/Illuminate/Database/Migrations/Migrator.php(380): Illuminate\Database\Migrations\Migrator->Illuminate\Database\Migrations\{closure}()
#12 /home/gerzahim/inventory_arsenal/core/vendor/laravel/framework/src/Illuminate/Database/Migrations/Migrator.php(162): Illuminate\Database\Migrations\Migrator->runMigration(Object(AddFieldTransactionNumberToTransactionsTable), 'up')
#13 /home/gerzahim/inventory_arsenal/core/vendor/laravel/framework/src/Illuminate/Database/Migrations/Migrator.php(130): Illuminate\Database\Migrations\Migrator->runUp('2018_10_10_2330...', 3, false)
#14 /home/gerzahim/inventory_arsenal/core/vendor/laravel/framework/src/Illuminate/Database/Migrations/Migrator.php(97): Illuminate\Database\Migrations\Migrator->runMigrationList(Array, Array)
#15 /home/gerzahim/inventory_arsenal/core/vendor/laravel/framework/src/Illuminate/Database/Console/Migrations/MigrateCommand.php(65): Illuminate\Database\Migrations\Migrator->run(Array, Array)
#16 [internal function]: Illuminate\Database\Console\Migrations\MigrateCommand->fire()
#17 /home/gerzahim/inventory_arsenal/core/vendor/laravel/framework/src/Illuminate/Container/Container.php(508): call_user_func_array(Array, Array)
#18 /home/gerzahim/inventory_arsenal/core/vendor/laravel/framework/src/Illuminate/Console/Command.php(169): Illuminate\Container\Container->call(Array)
#19 /home/gerzahim/inventory_arsenal/core/vendor/symfony/console/Command/Command.php(261): Illuminate\Console\Command->execute(Object(Symfony\Component\Console\Input\ArgvInput), Object(Symfony\Component\Console\Output\ConsoleOutput))
#20 /home/gerzahim/inventory_arsenal/core/vendor/laravel/framework/src/Illuminate/Console/Command.php(155): Symfony\Component\Console\Command\Command->run(Object(Symfony\Component\Console\Input\ArgvInput), Object(Symfony\Component\Console\Output\ConsoleOutput))
#21 /home/gerzahim/inventory_arsenal/core/vendor/symfony/console/Application.php(817): Illuminate\Console\Command->run(Object(Symfony\Component\Console\Input\ArgvInput), Object(Symfony\Component\Console\Output\ConsoleOutput))
#22 /home/gerzahim/inventory_arsenal/core/vendor/symfony/console/Application.php(185): Symfony\Component\Console\Application->doRunCommand(Object(Illuminate\Database\Console\Migrations\MigrateCommand), Object(Symfony\Component\Console\Input\ArgvInput), Object(Symfony\Component\Console\Output\ConsoleOutput))
#23 /home/gerzahim/inventory_arsenal/core/vendor/symfony/console/Application.php(116): Symfony\Component\Console\Application->doRun(Object(Symfony\Component\Console\Input\ArgvInput), Object(Symfony\Component\Console\Output\ConsoleOutput))
#24 /home/gerzahim/inventory_arsenal/core/vendor/laravel/framework/src/Illuminate/Foundation/Console/Kernel.php(121): Symfony\Component\Console\Application->run(Object(Symfony\Component\Console\Input\ArgvInput), Object(Symfony\Component\Console\Output\ConsoleOutput))
#25 /home/gerzahim/inventory_arsenal/core/artisan(35): Illuminate\Foundation\Console\Kernel->handle(Object(Symfony\Component\Console\Input\ArgvInput), Object(Symfony\Component\Console\Output\ConsoleOutput))
#26 {main}

Next Doctrine\DBAL\Driver\PDOException: SQLSTATE[42S21]: Column already exists: 1060 Duplicate column name 'transaction_number' in /home/gerzahim/inventory_arsenal/core/vendor/doctrine/dbal/lib/Doctrine/DBAL/Driver/PDOStatement.php:144
Stack trace:
#0 /home/gerzahim/inventory_arsenal/core/vendor/laravel/framework/src/Illuminate/Database/Connection.php(480): Doctrine\DBAL\Driver\PDOStatement->execute()
#1 /home/gerzahim/inventory_arsenal/core/vendor/laravel/framework/src/Illuminate/Database/Connection.php(763): Illuminate\Database\Connection->Illuminate\Database\{closure}(Object(Illuminate\Database\MySqlConnection), 'alter table `tr...', Array)
#2 /home/gerzahim/inventory_arsenal/core/vendor/laravel/framework/src/Illuminate/Database/Connection.php(726): Illuminate\Database\Connection->runQueryCallback('alter table `tr...', Array, Object(Closure))
#3 /home/gerzahim/inventory_arsenal/core/vendor/laravel/framework/src/Illuminate/Database/Connection.php(481): Illuminate\Database\Connection->run('alter table `tr...', Array, Object(Closure))
#4 /home/gerzahim/inventory_arsenal/core/vendor/laravel/framework/src/Illuminate/Database/Schema/Blueprint.php(83): Illuminate\Database\Connection->statement('alter table `tr...')
#5 /home/gerzahim/inventory_arsenal/core/vendor/laravel/framework/src/Illuminate/Database/Schema/Builder.php(229): Illuminate\Database\Schema\Blueprint->build(Object(Illuminate\Database\MySqlConnection), Object(Illuminate\Database\Schema\Grammars\MySqlGrammar))
#6 /home/gerzahim/inventory_arsenal/core/vendor/laravel/framework/src/Illuminate/Database/Schema/Builder.php(130): Illuminate\Database\Schema\Builder->build(Object(Illuminate\Database\Schema\Blueprint))
#7 /home/gerzahim/inventory_arsenal/core/vendor/laravel/framework/src/Illuminate/Support/Facades/Facade.php(237): Illuminate\Database\Schema\Builder->table('transactions', Object(Closure))
#8 /home/gerzahim/inventory_arsenal/core/database/migrations/2018_10_10_233040_add_field_transaction_number_to_transactions_table.php(19): Illuminate\Support\Facades\Facade::__callStatic('table', Array)
#9 /home/gerzahim/inventory_arsenal/core/vendor/laravel/framework/src/Illuminate/Database/Migrations/Migrator.php(373): AddFieldTransactionNumberToTransactionsTable->up()
#10 /home/gerzahim/inventory_arsenal/core/vendor/laravel/framework/src/Illuminate/Database/Migrations/Migrator.php(380): Illuminate\Database\Migrations\Migrator->Illuminate\Database\Migrations\{closure}()
#11 /home/gerzahim/inventory_arsenal/core/vendor/laravel/framework/src/Illuminate/Database/Migrations/Migrator.php(162): Illuminate\Database\Migrations\Migrator->runMigration(Object(AddFieldTransactionNumberToTransactionsTable), 'up')
#12 /home/gerzahim/inventory_arsenal/core/vendor/laravel/framework/src/Illuminate/Database/Migrations/Migrator.php(130): Illuminate\Database\Migrations\Migrator->runUp('2018_10_10_2330...', 3, false)
#13 /home/gerzahim/inventory_arsenal/core/vendor/laravel/framework/src/Illuminate/Database/Migrations/Migrator.php(97): Illuminate\Database\Migrations\Migrator->runMigrationList(Array, Array)
#14 /home/gerzahim/inventory_arsenal/core/vendor/laravel/framework/src/Illuminate/Database/Console/Migrations/MigrateCommand.php(65): Illuminate\Database\Migrations\Migrator->run(Array, Array)
#15 [internal function]: Illuminate\Database\Console\Migrations\MigrateCommand->fire()
#16 /home/gerzahim/inventory_arsenal/core/vendor/laravel/framework/src/Illuminate/Container/Container.php(508): call_user_func_array(Array, Array)
#17 /home/gerzahim/inventory_arsenal/core/vendor/laravel/framework/src/Illuminate/Console/Command.php(169): Illuminate\Container\Container->call(Array)
#18 /home/gerzahim/inventory_arsenal/core/vendor/symfony/console/Command/Command.php(261): Illuminate\Console\Command->execute(Object(Symfony\Component\Console\Input\ArgvInput), Object(Symfony\Component\Console\Output\ConsoleOutput))
#19 /home/gerzahim/inventory_arsenal/core/vendor/laravel/framework/src/Illuminate/Console/Command.php(155): Symfony\Component\Console\Command\Command->run(Object(Symfony\Component\Console\Input\ArgvInput), Object(Symfony\Component\Console\Output\ConsoleOutput))
#20 /home/gerzahim/inventory_arsenal/core/vendor/symfony/console/Application.php(817): Illuminate\Console\Command->run(Object(Symfony\Component\Console\Input\ArgvInput), Object(Symfony\Component\Console\Output\ConsoleOutput))
#21 /home/gerzahim/inventory_arsenal/core/vendor/symfony/console/Application.php(185): Symfony\Component\Console\Application->doRunCommand(Object(Illuminate\Database\Console\Migrations\MigrateCommand), Object(Symfony\Component\Console\Input\ArgvInput), Object(Symfony\Component\Console\Output\ConsoleOutput))
#22 /home/gerzahim/inventory_arsenal/core/vendor/symfony/console/Application.php(116): Symfony\Component\Console\Application->doRun(Object(Symfony\Component\Console\Input\ArgvInput), Object(Symfony\Component\Console\Output\ConsoleOutput))
#23 /home/gerzahim/inventory_arsenal/core/vendor/laravel/framework/src/Illuminate/Foundation/Console/Kernel.php(121): Symfony\Component\Console\Application->run(Object(Symfony\Component\Console\Input\ArgvInput), Object(Symfony\Component\Console\Output\ConsoleOutput))
#24 /home/gerzahim/inventory_arsenal/core/artisan(35): Illuminate\Foundation\Console\Kernel->handle(Object(Symfony\Component\Console\Input\ArgvInput), Object(Symfony\Component\Console\Output\ConsoleOutput))
#25 {main}

Next Illuminate\Database\QueryException: SQLSTATE[42S21]: Column already exists: 1060 Duplicate column name 'transaction_number' (SQL: alter table `transactions` add `transaction_number` int not null auto_increment primary key after `uuid`) in /home/gerzahim/inventory_arsenal/core/vendor/laravel/framework/src/Illuminate/Database/Connection.php:770
Stack trace:
#0 /home/gerzahim/inventory_arsenal/core/vendor/laravel/framework/src/Illuminate/Database/Connection.php(726): Illuminate\Database\Connection->runQueryCallback('alter table `tr...', Array, Object(Closure))
#1 /home/gerzahim/inventory_arsenal/core/vendor/laravel/framework/src/Illuminate/Database/Connection.php(481): Illuminate\Database\Connection->run('alter table `tr...', Array, Object(Closure))
#2 /home/gerzahim/inventory_arsenal/core/vendor/laravel/framework/src/Illuminate/Database/Schema/Blueprint.php(83): Illuminate\Database\Connection->statement('alter table `tr...')
#3 /home/gerzahim/inventory_arsenal/core/vendor/laravel/framework/src/Illuminate/Database/Schema/Builder.php(229): Illuminate\Database\Schema\Blueprint->build(Object(Illuminate\Database\MySqlConnection), Object(Illuminate\Database\Schema\Grammars\MySqlGrammar))
#4 /home/gerzahim/inventory_arsenal/core/vendor/laravel/framework/src/Illuminate/Database/Schema/Builder.php(130): Illuminate\Database\Schema\Builder->build(Object(Illuminate\Database\Schema\Blueprint))
#5 /home/gerzahim/inventory_arsenal/core/vendor/laravel/framework/src/Illuminate/Support/Facades/Facade.php(237): Illuminate\Database\Schema\Builder->table('transactions', Object(Closure))
#6 /home/gerzahim/inventory_arsenal/core/database/migrations/2018_10_10_233040_add_field_transaction_number_to_transactions_table.php(19): Illuminate\Support\Facades\Facade::__callStatic('table', Array)
#7 /home/gerzahim/inventory_arsenal/core/vendor/laravel/framework/src/Illuminate/Database/Migrations/Migrator.php(373): AddFieldTransactionNumberToTransactionsTable->up()
#8 /home/gerzahim/inventory_arsenal/core/vendor/laravel/framework/src/Illuminate/Database/Migrations/Migrator.php(380): Illuminate\Database\Migrations\Migrator->Illuminate\Database\Migrations\{closure}()
#9 /home/gerzahim/inventory_arsenal/core/vendor/laravel/framework/src/Illuminate/Database/Migrations/Migrator.php(162): Illuminate\Database\Migrations\Migrator->runMigration(Object(AddFieldTransactionNumberToTransactionsTable), 'up')
#10 /home/gerzahim/inventory_arsenal/core/vendor/laravel/framework/src/Illuminate/Database/Migrations/Migrator.php(130): Illuminate\Database\Migrations\Migrator->runUp('2018_10_10_2330...', 3, false)
#11 /home/gerzahim/inventory_arsenal/core/vendor/laravel/framework/src/Illuminate/Database/Migrations/Migrator.php(97): Illuminate\Database\Migrations\Migrator->runMigrationList(Array, Array)
#12 /home/gerzahim/inventory_arsenal/core/vendor/laravel/framework/src/Illuminate/Database/Console/Migrations/MigrateCommand.php(65): Illuminate\Database\Migrations\Migrator->run(Array, Array)
#13 [internal function]: Illuminate\Database\Console\Migrations\MigrateCommand->fire()
#14 /home/gerzahim/inventory_arsenal/core/vendor/laravel/framework/src/Illuminate/Container/Container.php(508): call_user_func_array(Array, Array)
#15 /home/gerzahim/inventory_arsenal/core/vendor/laravel/framework/src/Illuminate/Console/Command.php(169): Illuminate\Container\Container->call(Array)
#16 /home/gerzahim/inventory_arsenal/core/vendor/symfony/console/Command/Command.php(261): Illuminate\Console\Command->execute(Object(Symfony\Component\Console\Input\ArgvInput), Object(Symfony\Component\Console\Output\ConsoleOutput))
#17 /home/gerzahim/inventory_arsenal/core/vendor/laravel/framework/src/Illuminate/Console/Command.php(155): Symfony\Component\Console\Command\Command->run(Object(Symfony\Component\Console\Input\ArgvInput), Object(Symfony\Component\Console\Output\ConsoleOutput))
#18 /home/gerzahim/inventory_arsenal/core/vendor/symfony/console/Application.php(817): Illuminate\Console\Command->run(Object(Symfony\Component\Console\Input\ArgvInput), Object(Symfony\Component\Console\Output\ConsoleOutput))
#19 /home/gerzahim/inventory_arsenal/core/vendor/symfony/console/Application.php(185): Symfony\Component\Console\Application->doRunCommand(Object(Illuminate\Database\Console\Migrations\MigrateCommand), Object(Symfony\Component\Console\Input\ArgvInput), Object(Symfony\Component\Console\Output\ConsoleOutput))
#20 /home/gerzahim/inventory_arsenal/core/vendor/symfony/console/Application.php(116): Symfony\Component\Console\Application->doRun(Object(Symfony\Component\Console\Input\ArgvInput), Object(Symfony\Component\Console\Output\ConsoleOutput))
#21 /home/gerzahim/inventory_arsenal/core/vendor/laravel/framework/src/Illuminate/Foundation/Console/Kernel.php(121): Symfony\Component\Console\Application->run(Object(Symfony\Component\Console\Input\ArgvInput), Object(Symfony\Component\Console\Output\ConsoleOutput))
#22 /home/gerzahim/inventory_arsenal/core/artisan(35): Illuminate\Foundation\Console\Kernel->handle(Object(Symfony\Component\Console\Input\ArgvInput), Object(Symfony\Component\Console\Output\ConsoleOutput))
#23 {main}  
