[2018-11-13 01:40:03] production.ERROR: Symfony\Component\Debug\Exception\FatalThrowableError: Class 'Inventory\Models\ProductFile' not found in /home/gerzahim/inventory_arsenal/core/app/Http/Controllers/ProductsController.php:362
Stack trace:
#0 [internal function]: Inventory\Http\Controllers\ProductsController->add_files('73e3b7fc-ba22-1...')
#1 /home/gerzahim/inventory_arsenal/core/vendor/laravel/framework/src/Illuminate/Routing/Controller.php(55): call_user_func_array(Array, Array)
#2 /home/gerzahim/inventory_arsenal/core/vendor/laravel/framework/src/Illuminate/Routing/ControllerDispatcher.php(44): Illuminate\Routing\Controller->callAction('add_files', Array)
#3 /home/gerzahim/inventory_arsenal/core/vendor/laravel/framework/src/Illuminate/Routing/Route.php(189): Illuminate\Routing\ControllerDispatcher->dispatch(Object(Illuminate\Routing\Route), Object(Inventory\Http\Controllers\ProductsController), 'add_files')
#4 /home/gerzahim/inventory_arsenal/core/vendor/laravel/framework/src/Illuminate/Routing/Route.php(144): Illuminate\Routing\Route->runController()
#5 /home/gerzahim/inventory_arsenal/core/vendor/laravel/framework/src/Illuminate/Routing/Router.php(653): Illuminate\Routing\Route->run(Object(Illuminate\Http\Request))
#6 /home/gerzahim/inventory_arsenal/core/vendor/laravel/framework/src/Illuminate/Routing/Pipeline.php(53): Illuminate\Routing\Router->Illuminate\Routing\{closure}(Object(Illuminate\Http\Request))
#7 /home/gerzahim/inventory_arsenal/core/app/Http/Middleware/Authenticate.php(43): Illuminate\Routing\Pipeline->Illuminate\Routing\{closure}(Object(Illuminate\Http\Request))
#8 /home/gerzahim/inventory_arsenal/core/vendor/laravel/framework/src/Illuminate/Pipeline/Pipeline.php(137): Inventory\Http\Middleware\Authenticate->handle(Object(Illuminate\Http\Request), Object(Closure))
#9 /home/gerzahim/inventory_arsenal/core/vendor/laravel/framework/src/Illuminate/Routing/Pipeline.php(33): Illuminate\Pipeline\Pipeline->Illuminate\Pipeline\{closure}(Object(Illuminate\Http\Request))
#10 /home/gerzahim/inventory_arsenal/core/app/Http/Middleware/Install.php(20): Illuminate\Routing\Pipeline->Illuminate\Routing\{closure}(Object(Illuminate\Http\Request))
#11 /home/gerzahim/inventory_arsenal/core/vendor/laravel/framework/src/Illuminate/Pipeline/Pipeline.php(137): Inventory\Http\Middleware\Install->handle(Object(Illuminate\Http\Request), Object(Closure))
#12 /home/gerzahim/inventory_arsenal/core/vendor/laravel/framework/src/Illuminate/Routing/Pipeline.php(33): Illuminate\Pipeline\Pipeline->Illuminate\Pipeline\{closure}(Object(Illuminate\Http\Request))
#13 /home/gerzahim/inventory_arsenal/core/app/Http/Middleware/Language.php(27): Illuminate\Routing\Pipeline->Illuminate\Routing\{closure}(Object(Illuminate\Http\Request))
#14 /home/gerzahim/inventory_arsenal/core/vendor/laravel/framework/src/Illuminate/Pipeline/Pipeline.php(137): Inventory\Http\Middleware\Language->handle(Object(Illuminate\Http\Request), Object(Closure))
#15 /home/gerzahim/inventory_arsenal/core/vendor/laravel/framework/src/Illuminate/Routing/Pipeline.php(33): Illuminate\Pipeline\Pipeline->Illuminate\Pipeline\{closure}(Object(Illuminate\Http\Request))
#16 /home/gerzahim/inventory_arsenal/core/vendor/laravel/framework/src/Illuminate/Routing/Middleware/SubstituteBindings.php(41): Illuminate\Routing\Pipeline->Illuminate\Routing\{closure}(Object(Illuminate\Http\Request))
#17 /home/gerzahim/inventory_arsenal/core/vendor/laravel/framework/src/Illuminate/Pipeline/Pipeline.php(137): Illuminate\Routing\Middleware\SubstituteBindings->handle(Object(Illuminate\Http\Request), Object(Closure))
#18 /home/gerzahim/inventory_arsenal/core/vendor/laravel/framework/src/Illuminate/Routing/Pipeline.php(33): Illuminate\Pipeline\Pipeline->Illuminate\Pipeline\{closure}(Object(Illuminate\Http\Request))
#19 /home/gerzahim/inventory_arsenal/core/vendor/laravel/framework/src/Illuminate/Foundation/Http/Middleware/VerifyCsrfToken.php(65): Illuminate\Routing\Pipeline->Illuminate\Routing\{closure}(Object(Illuminate\Http\Request))
#20 /home/gerzahim/inventory_arsenal/core/app/Http/Middleware/VerifyCsrfToken.php(27): Illuminate\Foundation\Http\Middleware\VerifyCsrfToken->handle(Object(Illuminate\Http\Request), Object(Closure))
#21 /home/gerzahim/inventory_arsenal/core/vendor/laravel/framework/src/Illuminate/Pipeline/Pipeline.php(137): Inventory\Http\Middleware\VerifyCsrfToken->handle(Object(Illuminate\Http\Request), Object(Closure))
#22 /home/gerzahim/inventory_arsenal/core/vendor/laravel/framework/src/Illuminate/Routing/Pipeline.php(33): Illuminate\Pipeline\Pipeline->Illuminate\Pipeline\{closure}(Object(Illuminate\Http\Request))
#23 /home/gerzahim/inventory_arsenal/core/vendor/laravel/framework/src/Illuminate/View/Middleware/ShareErrorsFromSession.php(49): Illuminate\Routing\Pipeline->Illuminate\Routing\{closure}(Object(Illuminate\Http\Request))
#24 /home/gerzahim/inventory_arsenal/core/vendor/laravel/framework/src/Illuminate/Pipeline/Pipeline.php(137): Illuminate\View\Middleware\ShareErrorsFromSession->handle(Object(Illuminate\Http\Request), Object(Closure))
#25 /home/gerzahim/inventory_arsenal/core/vendor/laravel/framework/src/Illuminate/Routing/Pipeline.php(33): Illuminate\Pipeline\Pipeline->Illuminate\Pipeline\{closure}(Object(Illuminate\Http\Request))
#26 /home/gerzahim/inventory_arsenal/core/vendor/laravel/framework/src/Illuminate/Session/Middleware/StartSession.php(64): Illuminate\Routing\Pipeline->Illuminate\Routing\{closure}(Object(Illuminate\Http\Request))
#27 /home/gerzahim/inventory_arsenal/core/vendor/laravel/framework/src/Illuminate/Pipeline/Pipeline.php(137): Illuminate\Session\Middleware\StartSession->handle(Object(Illuminate\Http\Request), Object(Closure))
#28 /home/gerzahim/inventory_arsenal/core/vendor/laravel/framework/src/Illuminate/Routing/Pipeline.php(33): Illuminate\Pipeline\Pipeline->Illuminate\Pipeline\{closure}(Object(Illuminate\Http\Request))
#29 /home/gerzahim/inventory_arsenal/core/vendor/laravel/framework/src/Illuminate/Cookie/Middleware/AddQueuedCookiesToResponse.php(37): Illuminate\Routing\Pipeline->Illuminate\Routing\{closure}(Object(Illuminate\Http\Request))
#30 /home/gerzahim/inventory_arsenal/core/vendor/laravel/framework/src/Illuminate/Pipeline/Pipeline.php(137): Illuminate\Cookie\Middleware\AddQueuedCookiesToResponse->handle(Object(Illuminate\Http\Request), Object(Closure))
#31 /home/gerzahim/inventory_arsenal/core/vendor/laravel/framework/src/Illuminate/Routing/Pipeline.php(33): Illuminate\Pipeline\Pipeline->Illuminate\Pipeline\{closure}(Object(Illuminate\Http\Request))
#32 /home/gerzahim/inventory_arsenal/core/vendor/laravel/framework/src/Illuminate/Cookie/Middleware/EncryptCookies.php(59): Illuminate\Routing\Pipeline->Illuminate\Routing\{closure}(Object(Illuminate\Http\Request))
#33 /home/gerzahim/inventory_arsenal/core/vendor/laravel/framework/src/Illuminate/Pipeline/Pipeline.php(137): Illuminate\Cookie\Middleware\EncryptCookies->handle(Object(Illuminate\Http\Request), Object(Closure))
#34 /home/gerzahim/inventory_arsenal/core/vendor/laravel/framework/src/Illuminate/Routing/Pipeline.php(33): Illuminate\Pipeline\Pipeline->Illuminate\Pipeline\{closure}(Object(Illuminate\Http\Request))
#35 /home/gerzahim/inventory_arsenal/core/vendor/laravel/framework/src/Illuminate/Pipeline/Pipeline.php(104): Illuminate\Routing\Pipeline->Illuminate\Routing\{closure}(Object(Illuminate\Http\Request))
#36 /home/gerzahim/inventory_arsenal/core/vendor/laravel/framework/src/Illuminate/Routing/Router.php(655): Illuminate\Pipeline\Pipeline->then(Object(Closure))
#37 /home/gerzahim/inventory_arsenal/core/vendor/laravel/framework/src/Illuminate/Routing/Router.php(629): Illuminate\Routing\Router->runRouteWithinStack(Object(Illuminate\Routing\Route), Object(Illuminate\Http\Request))
#38 /home/gerzahim/inventory_arsenal/core/vendor/laravel/framework/src/Illuminate/Routing/Router.php(607): Illuminate\Routing\Router->dispatchToRoute(Object(Illuminate\Http\Request))
#39 /home/gerzahim/inventory_arsenal/core/vendor/laravel/framework/src/Illuminate/Foundation/Http/Kernel.php(268): Illuminate\Routing\Router->dispatch(Object(Illuminate\Http\Request))
#40 /home/gerzahim/inventory_arsenal/core/vendor/laravel/framework/src/Illuminate/Routing/Pipeline.php(53): Illuminate\Foundation\Http\Kernel->Illuminate\Foundation\Http\{closure}(Object(Illuminate\Http\Request))
#41 /home/gerzahim/inventory_arsenal/core/vendor/laravel/framework/src/Illuminate/Foundation/Http/Middleware/CheckForMaintenanceMode.php(46): Illuminate\Routing\Pipeline->Illuminate\Routing\{closure}(Object(Illuminate\Http\Request))
#42 /home/gerzahim/inventory_arsenal/core/vendor/laravel/framework/src/Illuminate/Pipeline/Pipeline.php(137): Illuminate\Foundation\Http\Middleware\CheckForMaintenanceMode->handle(Object(Illuminate\Http\Request), Object(Closure))
#43 /home/gerzahim/inventory_arsenal/core/vendor/laravel/framework/src/Illuminate/Routing/Pipeline.php(33): Illuminate\Pipeline\Pipeline->Illuminate\Pipeline\{closure}(Object(Illuminate\Http\Request))
#44 /home/gerzahim/inventory_arsenal/core/vendor/laravel/framework/src/Illuminate/Pipeline/Pipeline.php(104): Illuminate\Routing\Pipeline->Illuminate\Routing\{closure}(Object(Illuminate\Http\Request))
#45 /home/gerzahim/inventory_arsenal/core/vendor/laravel/framework/src/Illuminate/Foundation/Http/Kernel.php(150): Illuminate\Pipeline\Pipeline->then(Object(Closure))
#46 /home/gerzahim/inventory_arsenal/core/vendor/laravel/framework/src/Illuminate/Foundation/Http/Kernel.php(117): Illuminate\Foundation\Http\Kernel->sendRequestThroughRouter(Object(Illuminate\Http\Request))
#47 /home/gerzahim/public_html/inventoryarsenal/index.php(52): Illuminate\Foundation\Http\Kernel->handle(Object(Illuminate\Http\Request))
#48 {main}  
[2018-11-13 01:40:08] production.ERROR: Symfony\Component\Debug\Exception\FatalThrowableError: Class 'Inventory\Models\ProductFile' not found in /home/gerzahim/inventory_arsenal/core/app/Http/Controllers/ProductsController.php:362
Stack trace:
#0 [internal function]: Inventory\Http\Controllers\ProductsController->add_files('73e3b7fc-ba22-1...')
#1 /home/gerzahim/inventory_arsenal/core/vendor/laravel/framework/src/Illuminate/Routing/Controller.php(55): call_user_func_array(Array, Array)
#2 /home/gerzahim/inventory_arsenal/core/vendor/laravel/framework/src/Illuminate/Routing/ControllerDispatcher.php(44): Illuminate\Routing\Controller->callAction('add_files', Array)
#3 /home/gerzahim/inventory_arsenal/core/vendor/laravel/framework/src/Illuminate/Routing/Route.php(189): Illuminate\Routing\ControllerDispatcher->dispatch(Object(Illuminate\Routing\Route), Object(Inventory\Http\Controllers\ProductsController), 'add_files')
#4 /home/gerzahim/inventory_arsenal/core/vendor/laravel/framework/src/Illuminate/Routing/Route.php(144): Illuminate\Routing\Route->runController()
#5 /home/gerzahim/inventory_arsenal/core/vendor/laravel/framework/src/Illuminate/Routing/Router.php(653): Illuminate\Routing\Route->run(Object(Illuminate\Http\Request))
#6 /home/gerzahim/inventory_arsenal/core/vendor/laravel/framework/src/Illuminate/Routing/Pipeline.php(53): Illuminate\Routing\Router->Illuminate\Routing\{closure}(Object(Illuminate\Http\Request))
#7 /home/gerzahim/inventory_arsenal/core/app/Http/Middleware/Authenticate.php(43): Illuminate\Routing\Pipeline->Illuminate\Routing\{closure}(Object(Illuminate\Http\Request))
#8 /home/gerzahim/inventory_arsenal/core/vendor/laravel/framework/src/Illuminate/Pipeline/Pipeline.php(137): Inventory\Http\Middleware\Authenticate->handle(Object(Illuminate\Http\Request), Object(Closure))
#9 /home/gerzahim/inventory_arsenal/core/vendor/laravel/framework/src/Illuminate/Routing/Pipeline.php(33): Illuminate\Pipeline\Pipeline->Illuminate\Pipeline\{closure}(Object(Illuminate\Http\Request))
#10 /home/gerzahim/inventory_arsenal/core/app/Http/Middleware/Install.php(20): Illuminate\Routing\Pipeline->Illuminate\Routing\{closure}(Object(Illuminate\Http\Request))
#11 /home/gerzahim/inventory_arsenal/core/vendor/laravel/framework/src/Illuminate/Pipeline/Pipeline.php(137): Inventory\Http\Middleware\Install->handle(Object(Illuminate\Http\Request), Object(Closure))
#12 /home/gerzahim/inventory_arsenal/core/vendor/laravel/framework/src/Illuminate/Routing/Pipeline.php(33): Illuminate\Pipeline\Pipeline->Illuminate\Pipeline\{closure}(Object(Illuminate\Http\Request))
#13 /home/gerzahim/inventory_arsenal/core/app/Http/Middleware/Language.php(27): Illuminate\Routing\Pipeline->Illuminate\Routing\{closure}(Object(Illuminate\Http\Request))
#14 /home/gerzahim/inventory_arsenal/core/vendor/laravel/framework/src/Illuminate/Pipeline/Pipeline.php(137): Inventory\Http\Middleware\Language->handle(Object(Illuminate\Http\Request), Object(Closure))
#15 /home/gerzahim/inventory_arsenal/core/vendor/laravel/framework/src/Illuminate/Routing/Pipeline.php(33): Illuminate\Pipeline\Pipeline->Illuminate\Pipeline\{closure}(Object(Illuminate\Http\Request))
#16 /home/gerzahim/inventory_arsenal/core/vendor/laravel/framework/src/Illuminate/Routing/Middleware/SubstituteBindings.php(41): Illuminate\Routing\Pipeline->Illuminate\Routing\{closure}(Object(Illuminate\Http\Request))
#17 /home/gerzahim/inventory_arsenal/core/vendor/laravel/framework/src/Illuminate/Pipeline/Pipeline.php(137): Illuminate\Routing\Middleware\SubstituteBindings->handle(Object(Illuminate\Http\Request), Object(Closure))
#18 /home/gerzahim/inventory_arsenal/core/vendor/laravel/framework/src/Illuminate/Routing/Pipeline.php(33): Illuminate\Pipeline\Pipeline->Illuminate\Pipeline\{closure}(Object(Illuminate\Http\Request))
#19 /home/gerzahim/inventory_arsenal/core/vendor/laravel/framework/src/Illuminate/Foundation/Http/Middleware/VerifyCsrfToken.php(65): Illuminate\Routing\Pipeline->Illuminate\Routing\{closure}(Object(Illuminate\Http\Request))
#20 /home/gerzahim/inventory_arsenal/core/app/Http/Middleware/VerifyCsrfToken.php(27): Illuminate\Foundation\Http\Middleware\VerifyCsrfToken->handle(Object(Illuminate\Http\Request), Object(Closure))
#21 /home/gerzahim/inventory_arsenal/core/vendor/laravel/framework/src/Illuminate/Pipeline/Pipeline.php(137): Inventory\Http\Middleware\VerifyCsrfToken->handle(Object(Illuminate\Http\Request), Object(Closure))
#22 /home/gerzahim/inventory_arsenal/core/vendor/laravel/framework/src/Illuminate/Routing/Pipeline.php(33): Illuminate\Pipeline\Pipeline->Illuminate\Pipeline\{closure}(Object(Illuminate\Http\Request))
#23 /home/gerzahim/inventory_arsenal/core/vendor/laravel/framework/src/Illuminate/View/Middleware/ShareErrorsFromSession.php(49): Illuminate\Routing\Pipeline->Illuminate\Routing\{closure}(Object(Illuminate\Http\Request))
#24 /home/gerzahim/inventory_arsenal/core/vendor/laravel/framework/src/Illuminate/Pipeline/Pipeline.php(137): Illuminate\View\Middleware\ShareErrorsFromSession->handle(Object(Illuminate\Http\Request), Object(Closure))
#25 /home/gerzahim/inventory_arsenal/core/vendor/laravel/framework/src/Illuminate/Routing/Pipeline.php(33): Illuminate\Pipeline\Pipeline->Illuminate\Pipeline\{closure}(Object(Illuminate\Http\Request))
#26 /home/gerzahim/inventory_arsenal/core/vendor/laravel/framework/src/Illuminate/Session/Middleware/StartSession.php(64): Illuminate\Routing\Pipeline->Illuminate\Routing\{closure}(Object(Illuminate\Http\Request))
#27 /home/gerzahim/inventory_arsenal/core/vendor/laravel/framework/src/Illuminate/Pipeline/Pipeline.php(137): Illuminate\Session\Middleware\StartSession->handle(Object(Illuminate\Http\Request), Object(Closure))
#28 /home/gerzahim/inventory_arsenal/core/vendor/laravel/framework/src/Illuminate/Routing/Pipeline.php(33): Illuminate\Pipeline\Pipeline->Illuminate\Pipeline\{closure}(Object(Illuminate\Http\Request))
#29 /home/gerzahim/inventory_arsenal/core/vendor/laravel/framework/src/Illuminate/Cookie/Middleware/AddQueuedCookiesToResponse.php(37): Illuminate\Routing\Pipeline->Illuminate\Routing\{closure}(Object(Illuminate\Http\Request))
#30 /home/gerzahim/inventory_arsenal/core/vendor/laravel/framework/src/Illuminate/Pipeline/Pipeline.php(137): Illuminate\Cookie\Middleware\AddQueuedCookiesToResponse->handle(Object(Illuminate\Http\Request), Object(Closure))
#31 /home/gerzahim/inventory_arsenal/core/vendor/laravel/framework/src/Illuminate/Routing/Pipeline.php(33): Illuminate\Pipeline\Pipeline->Illuminate\Pipeline\{closure}(Object(Illuminate\Http\Request))
#32 /home/gerzahim/inventory_arsenal/core/vendor/laravel/framework/src/Illuminate/Cookie/Middleware/EncryptCookies.php(59): Illuminate\Routing\Pipeline->Illuminate\Routing\{closure}(Object(Illuminate\Http\Request))
#33 /home/gerzahim/inventory_arsenal/core/vendor/laravel/framework/src/Illuminate/Pipeline/Pipeline.php(137): Illuminate\Cookie\Middleware\EncryptCookies->handle(Object(Illuminate\Http\Request), Object(Closure))
#34 /home/gerzahim/inventory_arsenal/core/vendor/laravel/framework/src/Illuminate/Routing/Pipeline.php(33): Illuminate\Pipeline\Pipeline->Illuminate\Pipeline\{closure}(Object(Illuminate\Http\Request))
#35 /home/gerzahim/inventory_arsenal/core/vendor/laravel/framework/src/Illuminate/Pipeline/Pipeline.php(104): Illuminate\Routing\Pipeline->Illuminate\Routing\{closure}(Object(Illuminate\Http\Request))
#36 /home/gerzahim/inventory_arsenal/core/vendor/laravel/framework/src/Illuminate/Routing/Router.php(655): Illuminate\Pipeline\Pipeline->then(Object(Closure))
#37 /home/gerzahim/inventory_arsenal/core/vendor/laravel/framework/src/Illuminate/Routing/Router.php(629): Illuminate\Routing\Router->runRouteWithinStack(Object(Illuminate\Routing\Route), Object(Illuminate\Http\Request))
#38 /home/gerzahim/inventory_arsenal/core/vendor/laravel/framework/src/Illuminate/Routing/Router.php(607): Illuminate\Routing\Router->dispatchToRoute(Object(Illuminate\Http\Request))
#39 /home/gerzahim/inventory_arsenal/core/vendor/laravel/framework/src/Illuminate/Foundation/Http/Kernel.php(268): Illuminate\Routing\Router->dispatch(Object(Illuminate\Http\Request))
#40 /home/gerzahim/inventory_arsenal/core/vendor/laravel/framework/src/Illuminate/Routing/Pipeline.php(53): Illuminate\Foundation\Http\Kernel->Illuminate\Foundation\Http\{closure}(Object(Illuminate\Http\Request))
#41 /home/gerzahim/inventory_arsenal/core/vendor/laravel/framework/src/Illuminate/Foundation/Http/Middleware/CheckForMaintenanceMode.php(46): Illuminate\Routing\Pipeline->Illuminate\Routing\{closure}(Object(Illuminate\Http\Request))
#42 /home/gerzahim/inventory_arsenal/core/vendor/laravel/framework/src/Illuminate/Pipeline/Pipeline.php(137): Illuminate\Foundation\Http\Middleware\CheckForMaintenanceMode->handle(Object(Illuminate\Http\Request), Object(Closure))
#43 /home/gerzahim/inventory_arsenal/core/vendor/laravel/framework/src/Illuminate/Routing/Pipeline.php(33): Illuminate\Pipeline\Pipeline->Illuminate\Pipeline\{closure}(Object(Illuminate\Http\Request))
#44 /home/gerzahim/inventory_arsenal/core/vendor/laravel/framework/src/Illuminate/Pipeline/Pipeline.php(104): Illuminate\Routing\Pipeline->Illuminate\Routing\{closure}(Object(Illuminate\Http\Request))
#45 /home/gerzahim/inventory_arsenal/core/vendor/laravel/framework/src/Illuminate/Foundation/Http/Kernel.php(150): Illuminate\Pipeline\Pipeline->then(Object(Closure))
#46 /home/gerzahim/inventory_arsenal/core/vendor/laravel/framework/src/Illuminate/Foundation/Http/Kernel.php(117): Illuminate\Foundation\Http\Kernel->sendRequestThroughRouter(Object(Illuminate\Http\Request))
#47 /home/gerzahim/public_html/inventoryarsenal/index.php(52): Illuminate\Foundation\Http\Kernel->handle(Object(Illuminate\Http\Request))
#48 {main}  
[2018-11-13 01:40:17] production.ERROR: Symfony\Component\Debug\Exception\FatalThrowableError: Class 'Inventory\Models\ProductFile' not found in /home/gerzahim/inventory_arsenal/core/app/Http/Controllers/ProductsController.php:362
Stack trace:
#0 [internal function]: Inventory\Http\Controllers\ProductsController->add_files('73e3b7fc-ba22-1...')
#1 /home/gerzahim/inventory_arsenal/core/vendor/laravel/framework/src/Illuminate/Routing/Controller.php(55): call_user_func_array(Array, Array)
#2 /home/gerzahim/inventory_arsenal/core/vendor/laravel/framework/src/Illuminate/Routing/ControllerDispatcher.php(44): Illuminate\Routing\Controller->callAction('add_files', Array)
#3 /home/gerzahim/inventory_arsenal/core/vendor/laravel/framework/src/Illuminate/Routing/Route.php(189): Illuminate\Routing\ControllerDispatcher->dispatch(Object(Illuminate\Routing\Route), Object(Inventory\Http\Controllers\ProductsController), 'add_files')
#4 /home/gerzahim/inventory_arsenal/core/vendor/laravel/framework/src/Illuminate/Routing/Route.php(144): Illuminate\Routing\Route->runController()
#5 /home/gerzahim/inventory_arsenal/core/vendor/laravel/framework/src/Illuminate/Routing/Router.php(653): Illuminate\Routing\Route->run(Object(Illuminate\Http\Request))
#6 /home/gerzahim/inventory_arsenal/core/vendor/laravel/framework/src/Illuminate/Routing/Pipeline.php(53): Illuminate\Routing\Router->Illuminate\Routing\{closure}(Object(Illuminate\Http\Request))
#7 /home/gerzahim/inventory_arsenal/core/app/Http/Middleware/Authenticate.php(43): Illuminate\Routing\Pipeline->Illuminate\Routing\{closure}(Object(Illuminate\Http\Request))
#8 /home/gerzahim/inventory_arsenal/core/vendor/laravel/framework/src/Illuminate/Pipeline/Pipeline.php(137): Inventory\Http\Middleware\Authenticate->handle(Object(Illuminate\Http\Request), Object(Closure))
#9 /home/gerzahim/inventory_arsenal/core/vendor/laravel/framework/src/Illuminate/Routing/Pipeline.php(33): Illuminate\Pipeline\Pipeline->Illuminate\Pipeline\{closure}(Object(Illuminate\Http\Request))
#10 /home/gerzahim/inventory_arsenal/core/app/Http/Middleware/Install.php(20): Illuminate\Routing\Pipeline->Illuminate\Routing\{closure}(Object(Illuminate\Http\Request))
#11 /home/gerzahim/inventory_arsenal/core/vendor/laravel/framework/src/Illuminate/Pipeline/Pipeline.php(137): Inventory\Http\Middleware\Install->handle(Object(Illuminate\Http\Request), Object(Closure))
#12 /home/gerzahim/inventory_arsenal/core/vendor/laravel/framework/src/Illuminate/Routing/Pipeline.php(33): Illuminate\Pipeline\Pipeline->Illuminate\Pipeline\{closure}(Object(Illuminate\Http\Request))
#13 /home/gerzahim/inventory_arsenal/core/app/Http/Middleware/Language.php(27): Illuminate\Routing\Pipeline->Illuminate\Routing\{closure}(Object(Illuminate\Http\Request))
#14 /home/gerzahim/inventory_arsenal/core/vendor/laravel/framework/src/Illuminate/Pipeline/Pipeline.php(137): Inventory\Http\Middleware\Language->handle(Object(Illuminate\Http\Request), Object(Closure))
#15 /home/gerzahim/inventory_arsenal/core/vendor/laravel/framework/src/Illuminate/Routing/Pipeline.php(33): Illuminate\Pipeline\Pipeline->Illuminate\Pipeline\{closure}(Object(Illuminate\Http\Request))
#16 /home/gerzahim/inventory_arsenal/core/vendor/laravel/framework/src/Illuminate/Routing/Middleware/SubstituteBindings.php(41): Illuminate\Routing\Pipeline->Illuminate\Routing\{closure}(Object(Illuminate\Http\Request))
#17 /home/gerzahim/inventory_arsenal/core/vendor/laravel/framework/src/Illuminate/Pipeline/Pipeline.php(137): Illuminate\Routing\Middleware\SubstituteBindings->handle(Object(Illuminate\Http\Request), Object(Closure))
#18 /home/gerzahim/inventory_arsenal/core/vendor/laravel/framework/src/Illuminate/Routing/Pipeline.php(33): Illuminate\Pipeline\Pipeline->Illuminate\Pipeline\{closure}(Object(Illuminate\Http\Request))
#19 /home/gerzahim/inventory_arsenal/core/vendor/laravel/framework/src/Illuminate/Foundation/Http/Middleware/VerifyCsrfToken.php(65): Illuminate\Routing\Pipeline->Illuminate\Routing\{closure}(Object(Illuminate\Http\Request))
#20 /home/gerzahim/inventory_arsenal/core/app/Http/Middleware/VerifyCsrfToken.php(27): Illuminate\Foundation\Http\Middleware\VerifyCsrfToken->handle(Object(Illuminate\Http\Request), Object(Closure))
#21 /home/gerzahim/inventory_arsenal/core/vendor/laravel/framework/src/Illuminate/Pipeline/Pipeline.php(137): Inventory\Http\Middleware\VerifyCsrfToken->handle(Object(Illuminate\Http\Request), Object(Closure))
#22 /home/gerzahim/inventory_arsenal/core/vendor/laravel/framework/src/Illuminate/Routing/Pipeline.php(33): Illuminate\Pipeline\Pipeline->Illuminate\Pipeline\{closure}(Object(Illuminate\Http\Request))
#23 /home/gerzahim/inventory_arsenal/core/vendor/laravel/framework/src/Illuminate/View/Middleware/ShareErrorsFromSession.php(49): Illuminate\Routing\Pipeline->Illuminate\Routing\{closure}(Object(Illuminate\Http\Request))
#24 /home/gerzahim/inventory_arsenal/core/vendor/laravel/framework/src/Illuminate/Pipeline/Pipeline.php(137): Illuminate\View\Middleware\ShareErrorsFromSession->handle(Object(Illuminate\Http\Request), Object(Closure))
#25 /home/gerzahim/inventory_arsenal/core/vendor/laravel/framework/src/Illuminate/Routing/Pipeline.php(33): Illuminate\Pipeline\Pipeline->Illuminate\Pipeline\{closure}(Object(Illuminate\Http\Request))
#26 /home/gerzahim/inventory_arsenal/core/vendor/laravel/framework/src/Illuminate/Session/Middleware/StartSession.php(64): Illuminate\Routing\Pipeline->Illuminate\Routing\{closure}(Object(Illuminate\Http\Request))
#27 /home/gerzahim/inventory_arsenal/core/vendor/laravel/framework/src/Illuminate/Pipeline/Pipeline.php(137): Illuminate\Session\Middleware\StartSession->handle(Object(Illuminate\Http\Request), Object(Closure))
#28 /home/gerzahim/inventory_arsenal/core/vendor/laravel/framework/src/Illuminate/Routing/Pipeline.php(33): Illuminate\Pipeline\Pipeline->Illuminate\Pipeline\{closure}(Object(Illuminate\Http\Request))
#29 /home/gerzahim/inventory_arsenal/core/vendor/laravel/framework/src/Illuminate/Cookie/Middleware/AddQueuedCookiesToResponse.php(37): Illuminate\Routing\Pipeline->Illuminate\Routing\{closure}(Object(Illuminate\Http\Request))
#30 /home/gerzahim/inventory_arsenal/core/vendor/laravel/framework/src/Illuminate/Pipeline/Pipeline.php(137): Illuminate\Cookie\Middleware\AddQueuedCookiesToResponse->handle(Object(Illuminate\Http\Request), Object(Closure))
#31 /home/gerzahim/inventory_arsenal/core/vendor/laravel/framework/src/Illuminate/Routing/Pipeline.php(33): Illuminate\Pipeline\Pipeline->Illuminate\Pipeline\{closure}(Object(Illuminate\Http\Request))
#32 /home/gerzahim/inventory_arsenal/core/vendor/laravel/framework/src/Illuminate/Cookie/Middleware/EncryptCookies.php(59): Illuminate\Routing\Pipeline->Illuminate\Routing\{closure}(Object(Illuminate\Http\Request))
#33 /home/gerzahim/inventory_arsenal/core/vendor/laravel/framework/src/Illuminate/Pipeline/Pipeline.php(137): Illuminate\Cookie\Middleware\EncryptCookies->handle(Object(Illuminate\Http\Request), Object(Closure))
#34 /home/gerzahim/inventory_arsenal/core/vendor/laravel/framework/src/Illuminate/Routing/Pipeline.php(33): Illuminate\Pipeline\Pipeline->Illuminate\Pipeline\{closure}(Object(Illuminate\Http\Request))
#35 /home/gerzahim/inventory_arsenal/core/vendor/laravel/framework/src/Illuminate/Pipeline/Pipeline.php(104): Illuminate\Routing\Pipeline->Illuminate\Routing\{closure}(Object(Illuminate\Http\Request))
#36 /home/gerzahim/inventory_arsenal/core/vendor/laravel/framework/src/Illuminate/Routing/Router.php(655): Illuminate\Pipeline\Pipeline->then(Object(Closure))
#37 /home/gerzahim/inventory_arsenal/core/vendor/laravel/framework/src/Illuminate/Routing/Router.php(629): Illuminate\Routing\Router->runRouteWithinStack(Object(Illuminate\Routing\Route), Object(Illuminate\Http\Request))
#38 /home/gerzahim/inventory_arsenal/core/vendor/laravel/framework/src/Illuminate/Routing/Router.php(607): Illuminate\Routing\Router->dispatchToRoute(Object(Illuminate\Http\Request))
#39 /home/gerzahim/inventory_arsenal/core/vendor/laravel/framework/src/Illuminate/Foundation/Http/Kernel.php(268): Illuminate\Routing\Router->dispatch(Object(Illuminate\Http\Request))
#40 /home/gerzahim/inventory_arsenal/core/vendor/laravel/framework/src/Illuminate/Routing/Pipeline.php(53): Illuminate\Foundation\Http\Kernel->Illuminate\Foundation\Http\{closure}(Object(Illuminate\Http\Request))
#41 /home/gerzahim/inventory_arsenal/core/vendor/laravel/framework/src/Illuminate/Foundation/Http/Middleware/CheckForMaintenanceMode.php(46): Illuminate\Routing\Pipeline->Illuminate\Routing\{closure}(Object(Illuminate\Http\Request))
#42 /home/gerzahim/inventory_arsenal/core/vendor/laravel/framework/src/Illuminate/Pipeline/Pipeline.php(137): Illuminate\Foundation\Http\Middleware\CheckForMaintenanceMode->handle(Object(Illuminate\Http\Request), Object(Closure))
#43 /home/gerzahim/inventory_arsenal/core/vendor/laravel/framework/src/Illuminate/Routing/Pipeline.php(33): Illuminate\Pipeline\Pipeline->Illuminate\Pipeline\{closure}(Object(Illuminate\Http\Request))
#44 /home/gerzahim/inventory_arsenal/core/vendor/laravel/framework/src/Illuminate/Pipeline/Pipeline.php(104): Illuminate\Routing\Pipeline->Illuminate\Routing\{closure}(Object(Illuminate\Http\Request))
#45 /home/gerzahim/inventory_arsenal/core/vendor/laravel/framework/src/Illuminate/Foundation/Http/Kernel.php(150): Illuminate\Pipeline\Pipeline->then(Object(Closure))
#46 /home/gerzahim/inventory_arsenal/core/vendor/laravel/framework/src/Illuminate/Foundation/Http/Kernel.php(117): Illuminate\Foundation\Http\Kernel->sendRequestThroughRouter(Object(Illuminate\Http\Request))
#47 /home/gerzahim/public_html/inventoryarsenal/index.php(52): Illuminate\Foundation\Http\Kernel->handle(Object(Illuminate\Http\Request))
#48 {main}  
[2018-11-13 01:44:04] production.ERROR: Symfony\Component\Debug\Exception\FatalThrowableError: Class 'Inventory\Models\ProductFile' not found in /home/gerzahim/inventory_arsenal/core/app/Http/Controllers/ProductsController.php:362
Stack trace:
#0 [internal function]: Inventory\Http\Controllers\ProductsController->add_files('73e3b7fc-ba22-1...')
#1 /home/gerzahim/inventory_arsenal/core/vendor/laravel/framework/src/Illuminate/Routing/Controller.php(55): call_user_func_array(Array, Array)
#2 /home/gerzahim/inventory_arsenal/core/vendor/laravel/framework/src/Illuminate/Routing/ControllerDispatcher.php(44): Illuminate\Routing\Controller->callAction('add_files', Array)
#3 /home/gerzahim/inventory_arsenal/core/vendor/laravel/framework/src/Illuminate/Routing/Route.php(189): Illuminate\Routing\ControllerDispatcher->dispatch(Object(Illuminate\Routing\Route), Object(Inventory\Http\Controllers\ProductsController), 'add_files')
#4 /home/gerzahim/inventory_arsenal/core/vendor/laravel/framework/src/Illuminate/Routing/Route.php(144): Illuminate\Routing\Route->runController()
#5 /home/gerzahim/inventory_arsenal/core/vendor/laravel/framework/src/Illuminate/Routing/Router.php(653): Illuminate\Routing\Route->run(Object(Illuminate\Http\Request))
#6 /home/gerzahim/inventory_arsenal/core/vendor/laravel/framework/src/Illuminate/Routing/Pipeline.php(53): Illuminate\Routing\Router->Illuminate\Routing\{closure}(Object(Illuminate\Http\Request))
#7 /home/gerzahim/inventory_arsenal/core/app/Http/Middleware/Authenticate.php(43): Illuminate\Routing\Pipeline->Illuminate\Routing\{closure}(Object(Illuminate\Http\Request))
#8 /home/gerzahim/inventory_arsenal/core/vendor/laravel/framework/src/Illuminate/Pipeline/Pipeline.php(137): Inventory\Http\Middleware\Authenticate->handle(Object(Illuminate\Http\Request), Object(Closure))
#9 /home/gerzahim/inventory_arsenal/core/vendor/laravel/framework/src/Illuminate/Routing/Pipeline.php(33): Illuminate\Pipeline\Pipeline->Illuminate\Pipeline\{closure}(Object(Illuminate\Http\Request))
#10 /home/gerzahim/inventory_arsenal/core/app/Http/Middleware/Install.php(20): Illuminate\Routing\Pipeline->Illuminate\Routing\{closure}(Object(Illuminate\Http\Request))
#11 /home/gerzahim/inventory_arsenal/core/vendor/laravel/framework/src/Illuminate/Pipeline/Pipeline.php(137): Inventory\Http\Middleware\Install->handle(Object(Illuminate\Http\Request), Object(Closure))
#12 /home/gerzahim/inventory_arsenal/core/vendor/laravel/framework/src/Illuminate/Routing/Pipeline.php(33): Illuminate\Pipeline\Pipeline->Illuminate\Pipeline\{closure}(Object(Illuminate\Http\Request))
#13 /home/gerzahim/inventory_arsenal/core/app/Http/Middleware/Language.php(27): Illuminate\Routing\Pipeline->Illuminate\Routing\{closure}(Object(Illuminate\Http\Request))
#14 /home/gerzahim/inventory_arsenal/core/vendor/laravel/framework/src/Illuminate/Pipeline/Pipeline.php(137): Inventory\Http\Middleware\Language->handle(Object(Illuminate\Http\Request), Object(Closure))
#15 /home/gerzahim/inventory_arsenal/core/vendor/laravel/framework/src/Illuminate/Routing/Pipeline.php(33): Illuminate\Pipeline\Pipeline->Illuminate\Pipeline\{closure}(Object(Illuminate\Http\Request))
#16 /home/gerzahim/inventory_arsenal/core/vendor/laravel/framework/src/Illuminate/Routing/Middleware/SubstituteBindings.php(41): Illuminate\Routing\Pipeline->Illuminate\Routing\{closure}(Object(Illuminate\Http\Request))
#17 /home/gerzahim/inventory_arsenal/core/vendor/laravel/framework/src/Illuminate/Pipeline/Pipeline.php(137): Illuminate\Routing\Middleware\SubstituteBindings->handle(Object(Illuminate\Http\Request), Object(Closure))
#18 /home/gerzahim/inventory_arsenal/core/vendor/laravel/framework/src/Illuminate/Routing/Pipeline.php(33): Illuminate\Pipeline\Pipeline->Illuminate\Pipeline\{closure}(Object(Illuminate\Http\Request))
#19 /home/gerzahim/inventory_arsenal/core/vendor/laravel/framework/src/Illuminate/Foundation/Http/Middleware/VerifyCsrfToken.php(65): Illuminate\Routing\Pipeline->Illuminate\Routing\{closure}(Object(Illuminate\Http\Request))
#20 /home/gerzahim/inventory_arsenal/core/app/Http/Middleware/VerifyCsrfToken.php(27): Illuminate\Foundation\Http\Middleware\VerifyCsrfToken->handle(Object(Illuminate\Http\Request), Object(Closure))
#21 /home/gerzahim/inventory_arsenal/core/vendor/laravel/framework/src/Illuminate/Pipeline/Pipeline.php(137): Inventory\Http\Middleware\VerifyCsrfToken->handle(Object(Illuminate\Http\Request), Object(Closure))
#22 /home/gerzahim/inventory_arsenal/core/vendor/laravel/framework/src/Illuminate/Routing/Pipeline.php(33): Illuminate\Pipeline\Pipeline->Illuminate\Pipeline\{closure}(Object(Illuminate\Http\Request))
#23 /home/gerzahim/inventory_arsenal/core/vendor/laravel/framework/src/Illuminate/View/Middleware/ShareErrorsFromSession.php(49): Illuminate\Routing\Pipeline->Illuminate\Routing\{closure}(Object(Illuminate\Http\Request))
#24 /home/gerzahim/inventory_arsenal/core/vendor/laravel/framework/src/Illuminate/Pipeline/Pipeline.php(137): Illuminate\View\Middleware\ShareErrorsFromSession->handle(Object(Illuminate\Http\Request), Object(Closure))
#25 /home/gerzahim/inventory_arsenal/core/vendor/laravel/framework/src/Illuminate/Routing/Pipeline.php(33): Illuminate\Pipeline\Pipeline->Illuminate\Pipeline\{closure}(Object(Illuminate\Http\Request))
#26 /home/gerzahim/inventory_arsenal/core/vendor/laravel/framework/src/Illuminate/Session/Middleware/StartSession.php(64): Illuminate\Routing\Pipeline->Illuminate\Routing\{closure}(Object(Illuminate\Http\Request))
#27 /home/gerzahim/inventory_arsenal/core/vendor/laravel/framework/src/Illuminate/Pipeline/Pipeline.php(137): Illuminate\Session\Middleware\StartSession->handle(Object(Illuminate\Http\Request), Object(Closure))
#28 /home/gerzahim/inventory_arsenal/core/vendor/laravel/framework/src/Illuminate/Routing/Pipeline.php(33): Illuminate\Pipeline\Pipeline->Illuminate\Pipeline\{closure}(Object(Illuminate\Http\Request))
#29 /home/gerzahim/inventory_arsenal/core/vendor/laravel/framework/src/Illuminate/Cookie/Middleware/AddQueuedCookiesToResponse.php(37): Illuminate\Routing\Pipeline->Illuminate\Routing\{closure}(Object(Illuminate\Http\Request))
#30 /home/gerzahim/inventory_arsenal/core/vendor/laravel/framework/src/Illuminate/Pipeline/Pipeline.php(137): Illuminate\Cookie\Middleware\AddQueuedCookiesToResponse->handle(Object(Illuminate\Http\Request), Object(Closure))
#31 /home/gerzahim/inventory_arsenal/core/vendor/laravel/framework/src/Illuminate/Routing/Pipeline.php(33): Illuminate\Pipeline\Pipeline->Illuminate\Pipeline\{closure}(Object(Illuminate\Http\Request))
#32 /home/gerzahim/inventory_arsenal/core/vendor/laravel/framework/src/Illuminate/Cookie/Middleware/EncryptCookies.php(59): Illuminate\Routing\Pipeline->Illuminate\Routing\{closure}(Object(Illuminate\Http\Request))
#33 /home/gerzahim/inventory_arsenal/core/vendor/laravel/framework/src/Illuminate/Pipeline/Pipeline.php(137): Illuminate\Cookie\Middleware\EncryptCookies->handle(Object(Illuminate\Http\Request), Object(Closure))
#34 /home/gerzahim/inventory_arsenal/core/vendor/laravel/framework/src/Illuminate/Routing/Pipeline.php(33): Illuminate\Pipeline\Pipeline->Illuminate\Pipeline\{closure}(Object(Illuminate\Http\Request))
#35 /home/gerzahim/inventory_arsenal/core/vendor/laravel/framework/src/Illuminate/Pipeline/Pipeline.php(104): Illuminate\Routing\Pipeline->Illuminate\Routing\{closure}(Object(Illuminate\Http\Request))
#36 /home/gerzahim/inventory_arsenal/core/vendor/laravel/framework/src/Illuminate/Routing/Router.php(655): Illuminate\Pipeline\Pipeline->then(Object(Closure))
#37 /home/gerzahim/inventory_arsenal/core/vendor/laravel/framework/src/Illuminate/Routing/Router.php(629): Illuminate\Routing\Router->runRouteWithinStack(Object(Illuminate\Routing\Route), Object(Illuminate\Http\Request))
#38 /home/gerzahim/inventory_arsenal/core/vendor/laravel/framework/src/Illuminate/Routing/Router.php(607): Illuminate\Routing\Router->dispatchToRoute(Object(Illuminate\Http\Request))
#39 /home/gerzahim/inventory_arsenal/core/vendor/laravel/framework/src/Illuminate/Foundation/Http/Kernel.php(268): Illuminate\Routing\Router->dispatch(Object(Illuminate\Http\Request))
#40 /home/gerzahim/inventory_arsenal/core/vendor/laravel/framework/src/Illuminate/Routing/Pipeline.php(53): Illuminate\Foundation\Http\Kernel->Illuminate\Foundation\Http\{closure}(Object(Illuminate\Http\Request))
#41 /home/gerzahim/inventory_arsenal/core/vendor/laravel/framework/src/Illuminate/Foundation/Http/Middleware/CheckForMaintenanceMode.php(46): Illuminate\Routing\Pipeline->Illuminate\Routing\{closure}(Object(Illuminate\Http\Request))
#42 /home/gerzahim/inventory_arsenal/core/vendor/laravel/framework/src/Illuminate/Pipeline/Pipeline.php(137): Illuminate\Foundation\Http\Middleware\CheckForMaintenanceMode->handle(Object(Illuminate\Http\Request), Object(Closure))
#43 /home/gerzahim/inventory_arsenal/core/vendor/laravel/framework/src/Illuminate/Routing/Pipeline.php(33): Illuminate\Pipeline\Pipeline->Illuminate\Pipeline\{closure}(Object(Illuminate\Http\Request))
#44 /home/gerzahim/inventory_arsenal/core/vendor/laravel/framework/src/Illuminate/Pipeline/Pipeline.php(104): Illuminate\Routing\Pipeline->Illuminate\Routing\{closure}(Object(Illuminate\Http\Request))
#45 /home/gerzahim/inventory_arsenal/core/vendor/laravel/framework/src/Illuminate/Foundation/Http/Kernel.php(150): Illuminate\Pipeline\Pipeline->then(Object(Closure))
#46 /home/gerzahim/inventory_arsenal/core/vendor/laravel/framework/src/Illuminate/Foundation/Http/Kernel.php(117): Illuminate\Foundation\Http\Kernel->sendRequestThroughRouter(Object(Illuminate\Http\Request))
#47 /home/gerzahim/public_html/inventoryarsenal/index.php(52): Illuminate\Foundation\Http\Kernel->handle(Object(Illuminate\Http\Request))
#48 {main}  
[2018-11-13 01:45:47] production.ERROR: Symfony\Component\Debug\Exception\FatalThrowableError: Class 'Inventory\Models\ProductFile' not found in /home/gerzahim/inventory_arsenal/core/app/Http/Controllers/ProductsController.php:362
Stack trace:
#0 [internal function]: Inventory\Http\Controllers\ProductsController->add_files('73e3baf8-ba22-1...')
#1 /home/gerzahim/inventory_arsenal/core/vendor/laravel/framework/src/Illuminate/Routing/Controller.php(55): call_user_func_array(Array, Array)
#2 /home/gerzahim/inventory_arsenal/core/vendor/laravel/framework/src/Illuminate/Routing/ControllerDispatcher.php(44): Illuminate\Routing\Controller->callAction('add_files', Array)
#3 /home/gerzahim/inventory_arsenal/core/vendor/laravel/framework/src/Illuminate/Routing/Route.php(189): Illuminate\Routing\ControllerDispatcher->dispatch(Object(Illuminate\Routing\Route), Object(Inventory\Http\Controllers\ProductsController), 'add_files')
#4 /home/gerzahim/inventory_arsenal/core/vendor/laravel/framework/src/Illuminate/Routing/Route.php(144): Illuminate\Routing\Route->runController()
#5 /home/gerzahim/inventory_arsenal/core/vendor/laravel/framework/src/Illuminate/Routing/Router.php(653): Illuminate\Routing\Route->run(Object(Illuminate\Http\Request))
#6 /home/gerzahim/inventory_arsenal/core/vendor/laravel/framework/src/Illuminate/Routing/Pipeline.php(53): Illuminate\Routing\Router->Illuminate\Routing\{closure}(Object(Illuminate\Http\Request))
#7 /home/gerzahim/inventory_arsenal/core/app/Http/Middleware/Authenticate.php(43): Illuminate\Routing\Pipeline->Illuminate\Routing\{closure}(Object(Illuminate\Http\Request))
#8 /home/gerzahim/inventory_arsenal/core/vendor/laravel/framework/src/Illuminate/Pipeline/Pipeline.php(137): Inventory\Http\Middleware\Authenticate->handle(Object(Illuminate\Http\Request), Object(Closure))
#9 /home/gerzahim/inventory_arsenal/core/vendor/laravel/framework/src/Illuminate/Routing/Pipeline.php(33): Illuminate\Pipeline\Pipeline->Illuminate\Pipeline\{closure}(Object(Illuminate\Http\Request))
#10 /home/gerzahim/inventory_arsenal/core/app/Http/Middleware/Install.php(20): Illuminate\Routing\Pipeline->Illuminate\Routing\{closure}(Object(Illuminate\Http\Request))
#11 /home/gerzahim/inventory_arsenal/core/vendor/laravel/framework/src/Illuminate/Pipeline/Pipeline.php(137): Inventory\Http\Middleware\Install->handle(Object(Illuminate\Http\Request), Object(Closure))
#12 /home/gerzahim/inventory_arsenal/core/vendor/laravel/framework/src/Illuminate/Routing/Pipeline.php(33): Illuminate\Pipeline\Pipeline->Illuminate\Pipeline\{closure}(Object(Illuminate\Http\Request))
#13 /home/gerzahim/inventory_arsenal/core/app/Http/Middleware/Language.php(27): Illuminate\Routing\Pipeline->Illuminate\Routing\{closure}(Object(Illuminate\Http\Request))
#14 /home/gerzahim/inventory_arsenal/core/vendor/laravel/framework/src/Illuminate/Pipeline/Pipeline.php(137): Inventory\Http\Middleware\Language->handle(Object(Illuminate\Http\Request), Object(Closure))
#15 /home/gerzahim/inventory_arsenal/core/vendor/laravel/framework/src/Illuminate/Routing/Pipeline.php(33): Illuminate\Pipeline\Pipeline->Illuminate\Pipeline\{closure}(Object(Illuminate\Http\Request))
#16 /home/gerzahim/inventory_arsenal/core/vendor/laravel/framework/src/Illuminate/Routing/Middleware/SubstituteBindings.php(41): Illuminate\Routing\Pipeline->Illuminate\Routing\{closure}(Object(Illuminate\Http\Request))
#17 /home/gerzahim/inventory_arsenal/core/vendor/laravel/framework/src/Illuminate/Pipeline/Pipeline.php(137): Illuminate\Routing\Middleware\SubstituteBindings->handle(Object(Illuminate\Http\Request), Object(Closure))
#18 /home/gerzahim/inventory_arsenal/core/vendor/laravel/framework/src/Illuminate/Routing/Pipeline.php(33): Illuminate\Pipeline\Pipeline->Illuminate\Pipeline\{closure}(Object(Illuminate\Http\Request))
#19 /home/gerzahim/inventory_arsenal/core/vendor/laravel/framework/src/Illuminate/Foundation/Http/Middleware/VerifyCsrfToken.php(65): Illuminate\Routing\Pipeline->Illuminate\Routing\{closure}(Object(Illuminate\Http\Request))
#20 /home/gerzahim/inventory_arsenal/core/app/Http/Middleware/VerifyCsrfToken.php(27): Illuminate\Foundation\Http\Middleware\VerifyCsrfToken->handle(Object(Illuminate\Http\Request), Object(Closure))
#21 /home/gerzahim/inventory_arsenal/core/vendor/laravel/framework/src/Illuminate/Pipeline/Pipeline.php(137): Inventory\Http\Middleware\VerifyCsrfToken->handle(Object(Illuminate\Http\Request), Object(Closure))
#22 /home/gerzahim/inventory_arsenal/core/vendor/laravel/framework/src/Illuminate/Routing/Pipeline.php(33): Illuminate\Pipeline\Pipeline->Illuminate\Pipeline\{closure}(Object(Illuminate\Http\Request))
#23 /home/gerzahim/inventory_arsenal/core/vendor/laravel/framework/src/Illuminate/View/Middleware/ShareErrorsFromSession.php(49): Illuminate\Routing\Pipeline->Illuminate\Routing\{closure}(Object(Illuminate\Http\Request))
#24 /home/gerzahim/inventory_arsenal/core/vendor/laravel/framework/src/Illuminate/Pipeline/Pipeline.php(137): Illuminate\View\Middleware\ShareErrorsFromSession->handle(Object(Illuminate\Http\Request), Object(Closure))
#25 /home/gerzahim/inventory_arsenal/core/vendor/laravel/framework/src/Illuminate/Routing/Pipeline.php(33): Illuminate\Pipeline\Pipeline->Illuminate\Pipeline\{closure}(Object(Illuminate\Http\Request))
#26 /home/gerzahim/inventory_arsenal/core/vendor/laravel/framework/src/Illuminate/Session/Middleware/StartSession.php(64): Illuminate\Routing\Pipeline->Illuminate\Routing\{closure}(Object(Illuminate\Http\Request))
#27 /home/gerzahim/inventory_arsenal/core/vendor/laravel/framework/src/Illuminate/Pipeline/Pipeline.php(137): Illuminate\Session\Middleware\StartSession->handle(Object(Illuminate\Http\Request), Object(Closure))
#28 /home/gerzahim/inventory_arsenal/core/vendor/laravel/framework/src/Illuminate/Routing/Pipeline.php(33): Illuminate\Pipeline\Pipeline->Illuminate\Pipeline\{closure}(Object(Illuminate\Http\Request))
#29 /home/gerzahim/inventory_arsenal/core/vendor/laravel/framework/src/Illuminate/Cookie/Middleware/AddQueuedCookiesToResponse.php(37): Illuminate\Routing\Pipeline->Illuminate\Routing\{closure}(Object(Illuminate\Http\Request))
#30 /home/gerzahim/inventory_arsenal/core/vendor/laravel/framework/src/Illuminate/Pipeline/Pipeline.php(137): Illuminate\Cookie\Middleware\AddQueuedCookiesToResponse->handle(Object(Illuminate\Http\Request), Object(Closure))
#31 /home/gerzahim/inventory_arsenal/core/vendor/laravel/framework/src/Illuminate/Routing/Pipeline.php(33): Illuminate\Pipeline\Pipeline->Illuminate\Pipeline\{closure}(Object(Illuminate\Http\Request))
#32 /home/gerzahim/inventory_arsenal/core/vendor/laravel/framework/src/Illuminate/Cookie/Middleware/EncryptCookies.php(59): Illuminate\Routing\Pipeline->Illuminate\Routing\{closure}(Object(Illuminate\Http\Request))
#33 /home/gerzahim/inventory_arsenal/core/vendor/laravel/framework/src/Illuminate/Pipeline/Pipeline.php(137): Illuminate\Cookie\Middleware\EncryptCookies->handle(Object(Illuminate\Http\Request), Object(Closure))
#34 /home/gerzahim/inventory_arsenal/core/vendor/laravel/framework/src/Illuminate/Routing/Pipeline.php(33): Illuminate\Pipeline\Pipeline->Illuminate\Pipeline\{closure}(Object(Illuminate\Http\Request))
#35 /home/gerzahim/inventory_arsenal/core/vendor/laravel/framework/src/Illuminate/Pipeline/Pipeline.php(104): Illuminate\Routing\Pipeline->Illuminate\Routing\{closure}(Object(Illuminate\Http\Request))
#36 /home/gerzahim/inventory_arsenal/core/vendor/laravel/framework/src/Illuminate/Routing/Router.php(655): Illuminate\Pipeline\Pipeline->then(Object(Closure))
#37 /home/gerzahim/inventory_arsenal/core/vendor/laravel/framework/src/Illuminate/Routing/Router.php(629): Illuminate\Routing\Router->runRouteWithinStack(Object(Illuminate\Routing\Route), Object(Illuminate\Http\Request))
#38 /home/gerzahim/inventory_arsenal/core/vendor/laravel/framework/src/Illuminate/Routing/Router.php(607): Illuminate\Routing\Router->dispatchToRoute(Object(Illuminate\Http\Request))
#39 /home/gerzahim/inventory_arsenal/core/vendor/laravel/framework/src/Illuminate/Foundation/Http/Kernel.php(268): Illuminate\Routing\Router->dispatch(Object(Illuminate\Http\Request))
#40 /home/gerzahim/inventory_arsenal/core/vendor/laravel/framework/src/Illuminate/Routing/Pipeline.php(53): Illuminate\Foundation\Http\Kernel->Illuminate\Foundation\Http\{closure}(Object(Illuminate\Http\Request))
#41 /home/gerzahim/inventory_arsenal/core/vendor/laravel/framework/src/Illuminate/Foundation/Http/Middleware/CheckForMaintenanceMode.php(46): Illuminate\Routing\Pipeline->Illuminate\Routing\{closure}(Object(Illuminate\Http\Request))
#42 /home/gerzahim/inventory_arsenal/core/vendor/laravel/framework/src/Illuminate/Pipeline/Pipeline.php(137): Illuminate\Foundation\Http\Middleware\CheckForMaintenanceMode->handle(Object(Illuminate\Http\Request), Object(Closure))
#43 /home/gerzahim/inventory_arsenal/core/vendor/laravel/framework/src/Illuminate/Routing/Pipeline.php(33): Illuminate\Pipeline\Pipeline->Illuminate\Pipeline\{closure}(Object(Illuminate\Http\Request))
#44 /home/gerzahim/inventory_arsenal/core/vendor/laravel/framework/src/Illuminate/Pipeline/Pipeline.php(104): Illuminate\Routing\Pipeline->Illuminate\Routing\{closure}(Object(Illuminate\Http\Request))
#45 /home/gerzahim/inventory_arsenal/core/vendor/laravel/framework/src/Illuminate/Foundation/Http/Kernel.php(150): Illuminate\Pipeline\Pipeline->then(Object(Closure))
#46 /home/gerzahim/inventory_arsenal/core/vendor/laravel/framework/src/Illuminate/Foundation/Http/Kernel.php(117): Illuminate\Foundation\Http\Kernel->sendRequestThroughRouter(Object(Illuminate\Http\Request))
#47 /home/gerzahim/public_html/inventoryarsenal/index.php(52): Illuminate\Foundation\Http\Kernel->handle(Object(Illuminate\Http\Request))
#48 {main}  
[2018-11-13 01:45:54] production.ERROR: Symfony\Component\Debug\Exception\FatalThrowableError: Class 'Inventory\Models\ProductFile' not found in /home/gerzahim/inventory_arsenal/core/app/Http/Controllers/ProductsController.php:362
Stack trace:
#0 [internal function]: Inventory\Http\Controllers\ProductsController->add_files('73e3baf8-ba22-1...')
#1 /home/gerzahim/inventory_arsenal/core/vendor/laravel/framework/src/Illuminate/Routing/Controller.php(55): call_user_func_array(Array, Array)
#2 /home/gerzahim/inventory_arsenal/core/vendor/laravel/framework/src/Illuminate/Routing/ControllerDispatcher.php(44): Illuminate\Routing\Controller->callAction('add_files', Array)
#3 /home/gerzahim/inventory_arsenal/core/vendor/laravel/framework/src/Illuminate/Routing/Route.php(189): Illuminate\Routing\ControllerDispatcher->dispatch(Object(Illuminate\Routing\Route), Object(Inventory\Http\Controllers\ProductsController), 'add_files')
#4 /home/gerzahim/inventory_arsenal/core/vendor/laravel/framework/src/Illuminate/Routing/Route.php(144): Illuminate\Routing\Route->runController()
#5 /home/gerzahim/inventory_arsenal/core/vendor/laravel/framework/src/Illuminate/Routing/Router.php(653): Illuminate\Routing\Route->run(Object(Illuminate\Http\Request))
#6 /home/gerzahim/inventory_arsenal/core/vendor/laravel/framework/src/Illuminate/Routing/Pipeline.php(53): Illuminate\Routing\Router->Illuminate\Routing\{closure}(Object(Illuminate\Http\Request))
#7 /home/gerzahim/inventory_arsenal/core/app/Http/Middleware/Authenticate.php(43): Illuminate\Routing\Pipeline->Illuminate\Routing\{closure}(Object(Illuminate\Http\Request))
#8 /home/gerzahim/inventory_arsenal/core/vendor/laravel/framework/src/Illuminate/Pipeline/Pipeline.php(137): Inventory\Http\Middleware\Authenticate->handle(Object(Illuminate\Http\Request), Object(Closure))
#9 /home/gerzahim/inventory_arsenal/core/vendor/laravel/framework/src/Illuminate/Routing/Pipeline.php(33): Illuminate\Pipeline\Pipeline->Illuminate\Pipeline\{closure}(Object(Illuminate\Http\Request))
#10 /home/gerzahim/inventory_arsenal/core/app/Http/Middleware/Install.php(20): Illuminate\Routing\Pipeline->Illuminate\Routing\{closure}(Object(Illuminate\Http\Request))
#11 /home/gerzahim/inventory_arsenal/core/vendor/laravel/framework/src/Illuminate/Pipeline/Pipeline.php(137): Inventory\Http\Middleware\Install->handle(Object(Illuminate\Http\Request), Object(Closure))
#12 /home/gerzahim/inventory_arsenal/core/vendor/laravel/framework/src/Illuminate/Routing/Pipeline.php(33): Illuminate\Pipeline\Pipeline->Illuminate\Pipeline\{closure}(Object(Illuminate\Http\Request))
#13 /home/gerzahim/inventory_arsenal/core/app/Http/Middleware/Language.php(27): Illuminate\Routing\Pipeline->Illuminate\Routing\{closure}(Object(Illuminate\Http\Request))
#14 /home/gerzahim/inventory_arsenal/core/vendor/laravel/framework/src/Illuminate/Pipeline/Pipeline.php(137): Inventory\Http\Middleware\Language->handle(Object(Illuminate\Http\Request), Object(Closure))
#15 /home/gerzahim/inventory_arsenal/core/vendor/laravel/framework/src/Illuminate/Routing/Pipeline.php(33): Illuminate\Pipeline\Pipeline->Illuminate\Pipeline\{closure}(Object(Illuminate\Http\Request))
#16 /home/gerzahim/inventory_arsenal/core/vendor/laravel/framework/src/Illuminate/Routing/Middleware/SubstituteBindings.php(41): Illuminate\Routing\Pipeline->Illuminate\Routing\{closure}(Object(Illuminate\Http\Request))
#17 /home/gerzahim/inventory_arsenal/core/vendor/laravel/framework/src/Illuminate/Pipeline/Pipeline.php(137): Illuminate\Routing\Middleware\SubstituteBindings->handle(Object(Illuminate\Http\Request), Object(Closure))
#18 /home/gerzahim/inventory_arsenal/core/vendor/laravel/framework/src/Illuminate/Routing/Pipeline.php(33): Illuminate\Pipeline\Pipeline->Illuminate\Pipeline\{closure}(Object(Illuminate\Http\Request))
#19 /home/gerzahim/inventory_arsenal/core/vendor/laravel/framework/src/Illuminate/Foundation/Http/Middleware/VerifyCsrfToken.php(65): Illuminate\Routing\Pipeline->Illuminate\Routing\{closure}(Object(Illuminate\Http\Request))
#20 /home/gerzahim/inventory_arsenal/core/app/Http/Middleware/VerifyCsrfToken.php(27): Illuminate\Foundation\Http\Middleware\VerifyCsrfToken->handle(Object(Illuminate\Http\Request), Object(Closure))
#21 /home/gerzahim/inventory_arsenal/core/vendor/laravel/framework/src/Illuminate/Pipeline/Pipeline.php(137): Inventory\Http\Middleware\VerifyCsrfToken->handle(Object(Illuminate\Http\Request), Object(Closure))
#22 /home/gerzahim/inventory_arsenal/core/vendor/laravel/framework/src/Illuminate/Routing/Pipeline.php(33): Illuminate\Pipeline\Pipeline->Illuminate\Pipeline\{closure}(Object(Illuminate\Http\Request))
#23 /home/gerzahim/inventory_arsenal/core/vendor/laravel/framework/src/Illuminate/View/Middleware/ShareErrorsFromSession.php(49): Illuminate\Routing\Pipeline->Illuminate\Routing\{closure}(Object(Illuminate\Http\Request))
#24 /home/gerzahim/inventory_arsenal/core/vendor/laravel/framework/src/Illuminate/Pipeline/Pipeline.php(137): Illuminate\View\Middleware\ShareErrorsFromSession->handle(Object(Illuminate\Http\Request), Object(Closure))
#25 /home/gerzahim/inventory_arsenal/core/vendor/laravel/framework/src/Illuminate/Routing/Pipeline.php(33): Illuminate\Pipeline\Pipeline->Illuminate\Pipeline\{closure}(Object(Illuminate\Http\Request))
#26 /home/gerzahim/inventory_arsenal/core/vendor/laravel/framework/src/Illuminate/Session/Middleware/StartSession.php(64): Illuminate\Routing\Pipeline->Illuminate\Routing\{closure}(Object(Illuminate\Http\Request))
#27 /home/gerzahim/inventory_arsenal/core/vendor/laravel/framework/src/Illuminate/Pipeline/Pipeline.php(137): Illuminate\Session\Middleware\StartSession->handle(Object(Illuminate\Http\Request), Object(Closure))
#28 /home/gerzahim/inventory_arsenal/core/vendor/laravel/framework/src/Illuminate/Routing/Pipeline.php(33): Illuminate\Pipeline\Pipeline->Illuminate\Pipeline\{closure}(Object(Illuminate\Http\Request))
#29 /home/gerzahim/inventory_arsenal/core/vendor/laravel/framework/src/Illuminate/Cookie/Middleware/AddQueuedCookiesToResponse.php(37): Illuminate\Routing\Pipeline->Illuminate\Routing\{closure}(Object(Illuminate\Http\Request))
#30 /home/gerzahim/inventory_arsenal/core/vendor/laravel/framework/src/Illuminate/Pipeline/Pipeline.php(137): Illuminate\Cookie\Middleware\AddQueuedCookiesToResponse->handle(Object(Illuminate\Http\Request), Object(Closure))
#31 /home/gerzahim/inventory_arsenal/core/vendor/laravel/framework/src/Illuminate/Routing/Pipeline.php(33): Illuminate\Pipeline\Pipeline->Illuminate\Pipeline\{closure}(Object(Illuminate\Http\Request))
#32 /home/gerzahim/inventory_arsenal/core/vendor/laravel/framework/src/Illuminate/Cookie/Middleware/EncryptCookies.php(59): Illuminate\Routing\Pipeline->Illuminate\Routing\{closure}(Object(Illuminate\Http\Request))
#33 /home/gerzahim/inventory_arsenal/core/vendor/laravel/framework/src/Illuminate/Pipeline/Pipeline.php(137): Illuminate\Cookie\Middleware\EncryptCookies->handle(Object(Illuminate\Http\Request), Object(Closure))
#34 /home/gerzahim/inventory_arsenal/core/vendor/laravel/framework/src/Illuminate/Routing/Pipeline.php(33): Illuminate\Pipeline\Pipeline->Illuminate\Pipeline\{closure}(Object(Illuminate\Http\Request))
#35 /home/gerzahim/inventory_arsenal/core/vendor/laravel/framework/src/Illuminate/Pipeline/Pipeline.php(104): Illuminate\Routing\Pipeline->Illuminate\Routing\{closure}(Object(Illuminate\Http\Request))
#36 /home/gerzahim/inventory_arsenal/core/vendor/laravel/framework/src/Illuminate/Routing/Router.php(655): Illuminate\Pipeline\Pipeline->then(Object(Closure))
#37 /home/gerzahim/inventory_arsenal/core/vendor/laravel/framework/src/Illuminate/Routing/Router.php(629): Illuminate\Routing\Router->runRouteWithinStack(Object(Illuminate\Routing\Route), Object(Illuminate\Http\Request))
#38 /home/gerzahim/inventory_arsenal/core/vendor/laravel/framework/src/Illuminate/Routing/Router.php(607): Illuminate\Routing\Router->dispatchToRoute(Object(Illuminate\Http\Request))
#39 /home/gerzahim/inventory_arsenal/core/vendor/laravel/framework/src/Illuminate/Foundation/Http/Kernel.php(268): Illuminate\Routing\Router->dispatch(Object(Illuminate\Http\Request))
#40 /home/gerzahim/inventory_arsenal/core/vendor/laravel/framework/src/Illuminate/Routing/Pipeline.php(53): Illuminate\Foundation\Http\Kernel->Illuminate\Foundation\Http\{closure}(Object(Illuminate\Http\Request))
#41 /home/gerzahim/inventory_arsenal/core/vendor/laravel/framework/src/Illuminate/Foundation/Http/Middleware/CheckForMaintenanceMode.php(46): Illuminate\Routing\Pipeline->Illuminate\Routing\{closure}(Object(Illuminate\Http\Request))
#42 /home/gerzahim/inventory_arsenal/core/vendor/laravel/framework/src/Illuminate/Pipeline/Pipeline.php(137): Illuminate\Foundation\Http\Middleware\CheckForMaintenanceMode->handle(Object(Illuminate\Http\Request), Object(Closure))
#43 /home/gerzahim/inventory_arsenal/core/vendor/laravel/framework/src/Illuminate/Routing/Pipeline.php(33): Illuminate\Pipeline\Pipeline->Illuminate\Pipeline\{closure}(Object(Illuminate\Http\Request))
#44 /home/gerzahim/inventory_arsenal/core/vendor/laravel/framework/src/Illuminate/Pipeline/Pipeline.php(104): Illuminate\Routing\Pipeline->Illuminate\Routing\{closure}(Object(Illuminate\Http\Request))
#45 /home/gerzahim/inventory_arsenal/core/vendor/laravel/framework/src/Illuminate/Foundation/Http/Kernel.php(150): Illuminate\Pipeline\Pipeline->then(Object(Closure))
#46 /home/gerzahim/inventory_arsenal/core/vendor/laravel/framework/src/Illuminate/Foundation/Http/Kernel.php(117): Illuminate\Foundation\Http\Kernel->sendRequestThroughRouter(Object(Illuminate\Http\Request))
#47 /home/gerzahim/public_html/inventoryarsenal/index.php(52): Illuminate\Foundation\Http\Kernel->handle(Object(Illuminate\Http\Request))
#48 {main}  
[2018-11-13 01:47:16] production.ERROR: Symfony\Component\Debug\Exception\FatalThrowableError: Class 'Inventory\Models\ProductFile' not found in /home/gerzahim/inventory_arsenal/core/app/Http/Controllers/ProductsController.php:362
Stack trace:
#0 [internal function]: Inventory\Http\Controllers\ProductsController->add_files('73e3b7fc-ba22-1...')
#1 /home/gerzahim/inventory_arsenal/core/vendor/laravel/framework/src/Illuminate/Routing/Controller.php(55): call_user_func_array(Array, Array)
#2 /home/gerzahim/inventory_arsenal/core/vendor/laravel/framework/src/Illuminate/Routing/ControllerDispatcher.php(44): Illuminate\Routing\Controller->callAction('add_files', Array)
#3 /home/gerzahim/inventory_arsenal/core/vendor/laravel/framework/src/Illuminate/Routing/Route.php(189): Illuminate\Routing\ControllerDispatcher->dispatch(Object(Illuminate\Routing\Route), Object(Inventory\Http\Controllers\ProductsController), 'add_files')
#4 /home/gerzahim/inventory_arsenal/core/vendor/laravel/framework/src/Illuminate/Routing/Route.php(144): Illuminate\Routing\Route->runController()
#5 /home/gerzahim/inventory_arsenal/core/vendor/laravel/framework/src/Illuminate/Routing/Router.php(653): Illuminate\Routing\Route->run(Object(Illuminate\Http\Request))
#6 /home/gerzahim/inventory_arsenal/core/vendor/laravel/framework/src/Illuminate/Routing/Pipeline.php(53): Illuminate\Routing\Router->Illuminate\Routing\{closure}(Object(Illuminate\Http\Request))
#7 /home/gerzahim/inventory_arsenal/core/app/Http/Middleware/Authenticate.php(43): Illuminate\Routing\Pipeline->Illuminate\Routing\{closure}(Object(Illuminate\Http\Request))
#8 /home/gerzahim/inventory_arsenal/core/vendor/laravel/framework/src/Illuminate/Pipeline/Pipeline.php(137): Inventory\Http\Middleware\Authenticate->handle(Object(Illuminate\Http\Request), Object(Closure))
#9 /home/gerzahim/inventory_arsenal/core/vendor/laravel/framework/src/Illuminate/Routing/Pipeline.php(33): Illuminate\Pipeline\Pipeline->Illuminate\Pipeline\{closure}(Object(Illuminate\Http\Request))
#10 /home/gerzahim/inventory_arsenal/core/app/Http/Middleware/Install.php(20): Illuminate\Routing\Pipeline->Illuminate\Routing\{closure}(Object(Illuminate\Http\Request))
#11 /home/gerzahim/inventory_arsenal/core/vendor/laravel/framework/src/Illuminate/Pipeline/Pipeline.php(137): Inventory\Http\Middleware\Install->handle(Object(Illuminate\Http\Request), Object(Closure))
#12 /home/gerzahim/inventory_arsenal/core/vendor/laravel/framework/src/Illuminate/Routing/Pipeline.php(33): Illuminate\Pipeline\Pipeline->Illuminate\Pipeline\{closure}(Object(Illuminate\Http\Request))
#13 /home/gerzahim/inventory_arsenal/core/app/Http/Middleware/Language.php(27): Illuminate\Routing\Pipeline->Illuminate\Routing\{closure}(Object(Illuminate\Http\Request))
#14 /home/gerzahim/inventory_arsenal/core/vendor/laravel/framework/src/Illuminate/Pipeline/Pipeline.php(137): Inventory\Http\Middleware\Language->handle(Object(Illuminate\Http\Request), Object(Closure))
#15 /home/gerzahim/inventory_arsenal/core/vendor/laravel/framework/src/Illuminate/Routing/Pipeline.php(33): Illuminate\Pipeline\Pipeline->Illuminate\Pipeline\{closure}(Object(Illuminate\Http\Request))
#16 /home/gerzahim/inventory_arsenal/core/vendor/laravel/framework/src/Illuminate/Routing/Middleware/SubstituteBindings.php(41): Illuminate\Routing\Pipeline->Illuminate\Routing\{closure}(Object(Illuminate\Http\Request))
#17 /home/gerzahim/inventory_arsenal/core/vendor/laravel/framework/src/Illuminate/Pipeline/Pipeline.php(137): Illuminate\Routing\Middleware\SubstituteBindings->handle(Object(Illuminate\Http\Request), Object(Closure))
#18 /home/gerzahim/inventory_arsenal/core/vendor/laravel/framework/src/Illuminate/Routing/Pipeline.php(33): Illuminate\Pipeline\Pipeline->Illuminate\Pipeline\{closure}(Object(Illuminate\Http\Request))
#19 /home/gerzahim/inventory_arsenal/core/vendor/laravel/framework/src/Illuminate/Foundation/Http/Middleware/VerifyCsrfToken.php(65): Illuminate\Routing\Pipeline->Illuminate\Routing\{closure}(Object(Illuminate\Http\Request))
#20 /home/gerzahim/inventory_arsenal/core/app/Http/Middleware/VerifyCsrfToken.php(27): Illuminate\Foundation\Http\Middleware\VerifyCsrfToken->handle(Object(Illuminate\Http\Request), Object(Closure))
#21 /home/gerzahim/inventory_arsenal/core/vendor/laravel/framework/src/Illuminate/Pipeline/Pipeline.php(137): Inventory\Http\Middleware\VerifyCsrfToken->handle(Object(Illuminate\Http\Request), Object(Closure))
#22 /home/gerzahim/inventory_arsenal/core/vendor/laravel/framework/src/Illuminate/Routing/Pipeline.php(33): Illuminate\Pipeline\Pipeline->Illuminate\Pipeline\{closure}(Object(Illuminate\Http\Request))
#23 /home/gerzahim/inventory_arsenal/core/vendor/laravel/framework/src/Illuminate/View/Middleware/ShareErrorsFromSession.php(49): Illuminate\Routing\Pipeline->Illuminate\Routing\{closure}(Object(Illuminate\Http\Request))
#24 /home/gerzahim/inventory_arsenal/core/vendor/laravel/framework/src/Illuminate/Pipeline/Pipeline.php(137): Illuminate\View\Middleware\ShareErrorsFromSession->handle(Object(Illuminate\Http\Request), Object(Closure))
#25 /home/gerzahim/inventory_arsenal/core/vendor/laravel/framework/src/Illuminate/Routing/Pipeline.php(33): Illuminate\Pipeline\Pipeline->Illuminate\Pipeline\{closure}(Object(Illuminate\Http\Request))
#26 /home/gerzahim/inventory_arsenal/core/vendor/laravel/framework/src/Illuminate/Session/Middleware/StartSession.php(64): Illuminate\Routing\Pipeline->Illuminate\Routing\{closure}(Object(Illuminate\Http\Request))
#27 /home/gerzahim/inventory_arsenal/core/vendor/laravel/framework/src/Illuminate/Pipeline/Pipeline.php(137): Illuminate\Session\Middleware\StartSession->handle(Object(Illuminate\Http\Request), Object(Closure))
#28 /home/gerzahim/inventory_arsenal/core/vendor/laravel/framework/src/Illuminate/Routing/Pipeline.php(33): Illuminate\Pipeline\Pipeline->Illuminate\Pipeline\{closure}(Object(Illuminate\Http\Request))
#29 /home/gerzahim/inventory_arsenal/core/vendor/laravel/framework/src/Illuminate/Cookie/Middleware/AddQueuedCookiesToResponse.php(37): Illuminate\Routing\Pipeline->Illuminate\Routing\{closure}(Object(Illuminate\Http\Request))
#30 /home/gerzahim/inventory_arsenal/core/vendor/laravel/framework/src/Illuminate/Pipeline/Pipeline.php(137): Illuminate\Cookie\Middleware\AddQueuedCookiesToResponse->handle(Object(Illuminate\Http\Request), Object(Closure))
#31 /home/gerzahim/inventory_arsenal/core/vendor/laravel/framework/src/Illuminate/Routing/Pipeline.php(33): Illuminate\Pipeline\Pipeline->Illuminate\Pipeline\{closure}(Object(Illuminate\Http\Request))
#32 /home/gerzahim/inventory_arsenal/core/vendor/laravel/framework/src/Illuminate/Cookie/Middleware/EncryptCookies.php(59): Illuminate\Routing\Pipeline->Illuminate\Routing\{closure}(Object(Illuminate\Http\Request))
#33 /home/gerzahim/inventory_arsenal/core/vendor/laravel/framework/src/Illuminate/Pipeline/Pipeline.php(137): Illuminate\Cookie\Middleware\EncryptCookies->handle(Object(Illuminate\Http\Request), Object(Closure))
#34 /home/gerzahim/inventory_arsenal/core/vendor/laravel/framework/src/Illuminate/Routing/Pipeline.php(33): Illuminate\Pipeline\Pipeline->Illuminate\Pipeline\{closure}(Object(Illuminate\Http\Request))
#35 /home/gerzahim/inventory_arsenal/core/vendor/laravel/framework/src/Illuminate/Pipeline/Pipeline.php(104): Illuminate\Routing\Pipeline->Illuminate\Routing\{closure}(Object(Illuminate\Http\Request))
#36 /home/gerzahim/inventory_arsenal/core/vendor/laravel/framework/src/Illuminate/Routing/Router.php(655): Illuminate\Pipeline\Pipeline->then(Object(Closure))
#37 /home/gerzahim/inventory_arsenal/core/vendor/laravel/framework/src/Illuminate/Routing/Router.php(629): Illuminate\Routing\Router->runRouteWithinStack(Object(Illuminate\Routing\Route), Object(Illuminate\Http\Request))
#38 /home/gerzahim/inventory_arsenal/core/vendor/laravel/framework/src/Illuminate/Routing/Router.php(607): Illuminate\Routing\Router->dispatchToRoute(Object(Illuminate\Http\Request))
#39 /home/gerzahim/inventory_arsenal/core/vendor/laravel/framework/src/Illuminate/Foundation/Http/Kernel.php(268): Illuminate\Routing\Router->dispatch(Object(Illuminate\Http\Request))
#40 /home/gerzahim/inventory_arsenal/core/vendor/laravel/framework/src/Illuminate/Routing/Pipeline.php(53): Illuminate\Foundation\Http\Kernel->Illuminate\Foundation\Http\{closure}(Object(Illuminate\Http\Request))
#41 /home/gerzahim/inventory_arsenal/core/vendor/laravel/framework/src/Illuminate/Foundation/Http/Middleware/CheckForMaintenanceMode.php(46): Illuminate\Routing\Pipeline->Illuminate\Routing\{closure}(Object(Illuminate\Http\Request))
#42 /home/gerzahim/inventory_arsenal/core/vendor/laravel/framework/src/Illuminate/Pipeline/Pipeline.php(137): Illuminate\Foundation\Http\Middleware\CheckForMaintenanceMode->handle(Object(Illuminate\Http\Request), Object(Closure))
#43 /home/gerzahim/inventory_arsenal/core/vendor/laravel/framework/src/Illuminate/Routing/Pipeline.php(33): Illuminate\Pipeline\Pipeline->Illuminate\Pipeline\{closure}(Object(Illuminate\Http\Request))
#44 /home/gerzahim/inventory_arsenal/core/vendor/laravel/framework/src/Illuminate/Pipeline/Pipeline.php(104): Illuminate\Routing\Pipeline->Illuminate\Routing\{closure}(Object(Illuminate\Http\Request))
#45 /home/gerzahim/inventory_arsenal/core/vendor/laravel/framework/src/Illuminate/Foundation/Http/Kernel.php(150): Illuminate\Pipeline\Pipeline->then(Object(Closure))
#46 /home/gerzahim/inventory_arsenal/core/vendor/laravel/framework/src/Illuminate/Foundation/Http/Kernel.php(117): Illuminate\Foundation\Http\Kernel->sendRequestThroughRouter(Object(Illuminate\Http\Request))
#47 /home/gerzahim/public_html/inventoryarsenal/index.php(52): Illuminate\Foundation\Http\Kernel->handle(Object(Illuminate\Http\Request))
#48 {main}  
[2018-11-13 01:47:29] production.ERROR: Symfony\Component\Debug\Exception\FatalThrowableError: Class 'Inventory\Models\ProductFile' not found in /home/gerzahim/inventory_arsenal/core/app/Http/Controllers/ProductsController.php:362
Stack trace:
#0 [internal function]: Inventory\Http\Controllers\ProductsController->add_files('73e3b7fc-ba22-1...')
#1 /home/gerzahim/inventory_arsenal/core/vendor/laravel/framework/src/Illuminate/Routing/Controller.php(55): call_user_func_array(Array, Array)
#2 /home/gerzahim/inventory_arsenal/core/vendor/laravel/framework/src/Illuminate/Routing/ControllerDispatcher.php(44): Illuminate\Routing\Controller->callAction('add_files', Array)
#3 /home/gerzahim/inventory_arsenal/core/vendor/laravel/framework/src/Illuminate/Routing/Route.php(189): Illuminate\Routing\ControllerDispatcher->dispatch(Object(Illuminate\Routing\Route), Object(Inventory\Http\Controllers\ProductsController), 'add_files')
#4 /home/gerzahim/inventory_arsenal/core/vendor/laravel/framework/src/Illuminate/Routing/Route.php(144): Illuminate\Routing\Route->runController()
#5 /home/gerzahim/inventory_arsenal/core/vendor/laravel/framework/src/Illuminate/Routing/Router.php(653): Illuminate\Routing\Route->run(Object(Illuminate\Http\Request))
#6 /home/gerzahim/inventory_arsenal/core/vendor/laravel/framework/src/Illuminate/Routing/Pipeline.php(53): Illuminate\Routing\Router->Illuminate\Routing\{closure}(Object(Illuminate\Http\Request))
#7 /home/gerzahim/inventory_arsenal/core/app/Http/Middleware/Authenticate.php(43): Illuminate\Routing\Pipeline->Illuminate\Routing\{closure}(Object(Illuminate\Http\Request))
#8 /home/gerzahim/inventory_arsenal/core/vendor/laravel/framework/src/Illuminate/Pipeline/Pipeline.php(137): Inventory\Http\Middleware\Authenticate->handle(Object(Illuminate\Http\Request), Object(Closure))
#9 /home/gerzahim/inventory_arsenal/core/vendor/laravel/framework/src/Illuminate/Routing/Pipeline.php(33): Illuminate\Pipeline\Pipeline->Illuminate\Pipeline\{closure}(Object(Illuminate\Http\Request))
#10 /home/gerzahim/inventory_arsenal/core/app/Http/Middleware/Install.php(20): Illuminate\Routing\Pipeline->Illuminate\Routing\{closure}(Object(Illuminate\Http\Request))
#11 /home/gerzahim/inventory_arsenal/core/vendor/laravel/framework/src/Illuminate/Pipeline/Pipeline.php(137): Inventory\Http\Middleware\Install->handle(Object(Illuminate\Http\Request), Object(Closure))
#12 /home/gerzahim/inventory_arsenal/core/vendor/laravel/framework/src/Illuminate/Routing/Pipeline.php(33): Illuminate\Pipeline\Pipeline->Illuminate\Pipeline\{closure}(Object(Illuminate\Http\Request))
#13 /home/gerzahim/inventory_arsenal/core/app/Http/Middleware/Language.php(27): Illuminate\Routing\Pipeline->Illuminate\Routing\{closure}(Object(Illuminate\Http\Request))
#14 /home/gerzahim/inventory_arsenal/core/vendor/laravel/framework/src/Illuminate/Pipeline/Pipeline.php(137): Inventory\Http\Middleware\Language->handle(Object(Illuminate\Http\Request), Object(Closure))
#15 /home/gerzahim/inventory_arsenal/core/vendor/laravel/framework/src/Illuminate/Routing/Pipeline.php(33): Illuminate\Pipeline\Pipeline->Illuminate\Pipeline\{closure}(Object(Illuminate\Http\Request))
#16 /home/gerzahim/inventory_arsenal/core/vendor/laravel/framework/src/Illuminate/Routing/Middleware/SubstituteBindings.php(41): Illuminate\Routing\Pipeline->Illuminate\Routing\{closure}(Object(Illuminate\Http\Request))
#17 /home/gerzahim/inventory_arsenal/core/vendor/laravel/framework/src/Illuminate/Pipeline/Pipeline.php(137): Illuminate\Routing\Middleware\SubstituteBindings->handle(Object(Illuminate\Http\Request), Object(Closure))
#18 /home/gerzahim/inventory_arsenal/core/vendor/laravel/framework/src/Illuminate/Routing/Pipeline.php(33): Illuminate\Pipeline\Pipeline->Illuminate\Pipeline\{closure}(Object(Illuminate\Http\Request))
#19 /home/gerzahim/inventory_arsenal/core/vendor/laravel/framework/src/Illuminate/Foundation/Http/Middleware/VerifyCsrfToken.php(65): Illuminate\Routing\Pipeline->Illuminate\Routing\{closure}(Object(Illuminate\Http\Request))
#20 /home/gerzahim/inventory_arsenal/core/app/Http/Middleware/VerifyCsrfToken.php(27): Illuminate\Foundation\Http\Middleware\VerifyCsrfToken->handle(Object(Illuminate\Http\Request), Object(Closure))
#21 /home/gerzahim/inventory_arsenal/core/vendor/laravel/framework/src/Illuminate/Pipeline/Pipeline.php(137): Inventory\Http\Middleware\VerifyCsrfToken->handle(Object(Illuminate\Http\Request), Object(Closure))
#22 /home/gerzahim/inventory_arsenal/core/vendor/laravel/framework/src/Illuminate/Routing/Pipeline.php(33): Illuminate\Pipeline\Pipeline->Illuminate\Pipeline\{closure}(Object(Illuminate\Http\Request))
#23 /home/gerzahim/inventory_arsenal/core/vendor/laravel/framework/src/Illuminate/View/Middleware/ShareErrorsFromSession.php(49): Illuminate\Routing\Pipeline->Illuminate\Routing\{closure}(Object(Illuminate\Http\Request))
#24 /home/gerzahim/inventory_arsenal/core/vendor/laravel/framework/src/Illuminate/Pipeline/Pipeline.php(137): Illuminate\View\Middleware\ShareErrorsFromSession->handle(Object(Illuminate\Http\Request), Object(Closure))
#25 /home/gerzahim/inventory_arsenal/core/vendor/laravel/framework/src/Illuminate/Routing/Pipeline.php(33): Illuminate\Pipeline\Pipeline->Illuminate\Pipeline\{closure}(Object(Illuminate\Http\Request))
#26 /home/gerzahim/inventory_arsenal/core/vendor/laravel/framework/src/Illuminate/Session/Middleware/StartSession.php(64): Illuminate\Routing\Pipeline->Illuminate\Routing\{closure}(Object(Illuminate\Http\Request))
#27 /home/gerzahim/inventory_arsenal/core/vendor/laravel/framework/src/Illuminate/Pipeline/Pipeline.php(137): Illuminate\Session\Middleware\StartSession->handle(Object(Illuminate\Http\Request), Object(Closure))
#28 /home/gerzahim/inventory_arsenal/core/vendor/laravel/framework/src/Illuminate/Routing/Pipeline.php(33): Illuminate\Pipeline\Pipeline->Illuminate\Pipeline\{closure}(Object(Illuminate\Http\Request))
#29 /home/gerzahim/inventory_arsenal/core/vendor/laravel/framework/src/Illuminate/Cookie/Middleware/AddQueuedCookiesToResponse.php(37): Illuminate\Routing\Pipeline->Illuminate\Routing\{closure}(Object(Illuminate\Http\Request))
#30 /home/gerzahim/inventory_arsenal/core/vendor/laravel/framework/src/Illuminate/Pipeline/Pipeline.php(137): Illuminate\Cookie\Middleware\AddQueuedCookiesToResponse->handle(Object(Illuminate\Http\Request), Object(Closure))
#31 /home/gerzahim/inventory_arsenal/core/vendor/laravel/framework/src/Illuminate/Routing/Pipeline.php(33): Illuminate\Pipeline\Pipeline->Illuminate\Pipeline\{closure}(Object(Illuminate\Http\Request))
#32 /home/gerzahim/inventory_arsenal/core/vendor/laravel/framework/src/Illuminate/Cookie/Middleware/EncryptCookies.php(59): Illuminate\Routing\Pipeline->Illuminate\Routing\{closure}(Object(Illuminate\Http\Request))
#33 /home/gerzahim/inventory_arsenal/core/vendor/laravel/framework/src/Illuminate/Pipeline/Pipeline.php(137): Illuminate\Cookie\Middleware\EncryptCookies->handle(Object(Illuminate\Http\Request), Object(Closure))
#34 /home/gerzahim/inventory_arsenal/core/vendor/laravel/framework/src/Illuminate/Routing/Pipeline.php(33): Illuminate\Pipeline\Pipeline->Illuminate\Pipeline\{closure}(Object(Illuminate\Http\Request))
#35 /home/gerzahim/inventory_arsenal/core/vendor/laravel/framework/src/Illuminate/Pipeline/Pipeline.php(104): Illuminate\Routing\Pipeline->Illuminate\Routing\{closure}(Object(Illuminate\Http\Request))
#36 /home/gerzahim/inventory_arsenal/core/vendor/laravel/framework/src/Illuminate/Routing/Router.php(655): Illuminate\Pipeline\Pipeline->then(Object(Closure))
#37 /home/gerzahim/inventory_arsenal/core/vendor/laravel/framework/src/Illuminate/Routing/Router.php(629): Illuminate\Routing\Router->runRouteWithinStack(Object(Illuminate\Routing\Route), Object(Illuminate\Http\Request))
#38 /home/gerzahim/inventory_arsenal/core/vendor/laravel/framework/src/Illuminate/Routing/Router.php(607): Illuminate\Routing\Router->dispatchToRoute(Object(Illuminate\Http\Request))
#39 /home/gerzahim/inventory_arsenal/core/vendor/laravel/framework/src/Illuminate/Foundation/Http/Kernel.php(268): Illuminate\Routing\Router->dispatch(Object(Illuminate\Http\Request))
#40 /home/gerzahim/inventory_arsenal/core/vendor/laravel/framework/src/Illuminate/Routing/Pipeline.php(53): Illuminate\Foundation\Http\Kernel->Illuminate\Foundation\Http\{closure}(Object(Illuminate\Http\Request))
#41 /home/gerzahim/inventory_arsenal/core/vendor/laravel/framework/src/Illuminate/Foundation/Http/Middleware/CheckForMaintenanceMode.php(46): Illuminate\Routing\Pipeline->Illuminate\Routing\{closure}(Object(Illuminate\Http\Request))
#42 /home/gerzahim/inventory_arsenal/core/vendor/laravel/framework/src/Illuminate/Pipeline/Pipeline.php(137): Illuminate\Foundation\Http\Middleware\CheckForMaintenanceMode->handle(Object(Illuminate\Http\Request), Object(Closure))
#43 /home/gerzahim/inventory_arsenal/core/vendor/laravel/framework/src/Illuminate/Routing/Pipeline.php(33): Illuminate\Pipeline\Pipeline->Illuminate\Pipeline\{closure}(Object(Illuminate\Http\Request))
#44 /home/gerzahim/inventory_arsenal/core/vendor/laravel/framework/src/Illuminate/Pipeline/Pipeline.php(104): Illuminate\Routing\Pipeline->Illuminate\Routing\{closure}(Object(Illuminate\Http\Request))
#45 /home/gerzahim/inventory_arsenal/core/vendor/laravel/framework/src/Illuminate/Foundation/Http/Kernel.php(150): Illuminate\Pipeline\Pipeline->then(Object(Closure))
#46 /home/gerzahim/inventory_arsenal/core/vendor/laravel/framework/src/Illuminate/Foundation/Http/Kernel.php(117): Illuminate\Foundation\Http\Kernel->sendRequestThroughRouter(Object(Illuminate\Http\Request))
#47 /home/gerzahim/public_html/inventoryarsenal/index.php(52): Illuminate\Foundation\Http\Kernel->handle(Object(Illuminate\Http\Request))
#48 {main}  
[2018-11-13 01:47:34] production.ERROR: Symfony\Component\Debug\Exception\FatalThrowableError: Class 'Inventory\Models\ProductFile' not found in /home/gerzahim/inventory_arsenal/core/app/Http/Controllers/ProductsController.php:362
Stack trace:
#0 [internal function]: Inventory\Http\Controllers\ProductsController->add_files('73e3b7fc-ba22-1...')
#1 /home/gerzahim/inventory_arsenal/core/vendor/laravel/framework/src/Illuminate/Routing/Controller.php(55): call_user_func_array(Array, Array)
#2 /home/gerzahim/inventory_arsenal/core/vendor/laravel/framework/src/Illuminate/Routing/ControllerDispatcher.php(44): Illuminate\Routing\Controller->callAction('add_files', Array)
#3 /home/gerzahim/inventory_arsenal/core/vendor/laravel/framework/src/Illuminate/Routing/Route.php(189): Illuminate\Routing\ControllerDispatcher->dispatch(Object(Illuminate\Routing\Route), Object(Inventory\Http\Controllers\ProductsController), 'add_files')
#4 /home/gerzahim/inventory_arsenal/core/vendor/laravel/framework/src/Illuminate/Routing/Route.php(144): Illuminate\Routing\Route->runController()
#5 /home/gerzahim/inventory_arsenal/core/vendor/laravel/framework/src/Illuminate/Routing/Router.php(653): Illuminate\Routing\Route->run(Object(Illuminate\Http\Request))
#6 /home/gerzahim/inventory_arsenal/core/vendor/laravel/framework/src/Illuminate/Routing/Pipeline.php(53): Illuminate\Routing\Router->Illuminate\Routing\{closure}(Object(Illuminate\Http\Request))
#7 /home/gerzahim/inventory_arsenal/core/app/Http/Middleware/Authenticate.php(43): Illuminate\Routing\Pipeline->Illuminate\Routing\{closure}(Object(Illuminate\Http\Request))
#8 /home/gerzahim/inventory_arsenal/core/vendor/laravel/framework/src/Illuminate/Pipeline/Pipeline.php(137): Inventory\Http\Middleware\Authenticate->handle(Object(Illuminate\Http\Request), Object(Closure))
#9 /home/gerzahim/inventory_arsenal/core/vendor/laravel/framework/src/Illuminate/Routing/Pipeline.php(33): Illuminate\Pipeline\Pipeline->Illuminate\Pipeline\{closure}(Object(Illuminate\Http\Request))
#10 /home/gerzahim/inventory_arsenal/core/app/Http/Middleware/Install.php(20): Illuminate\Routing\Pipeline->Illuminate\Routing\{closure}(Object(Illuminate\Http\Request))
#11 /home/gerzahim/inventory_arsenal/core/vendor/laravel/framework/src/Illuminate/Pipeline/Pipeline.php(137): Inventory\Http\Middleware\Install->handle(Object(Illuminate\Http\Request), Object(Closure))
#12 /home/gerzahim/inventory_arsenal/core/vendor/laravel/framework/src/Illuminate/Routing/Pipeline.php(33): Illuminate\Pipeline\Pipeline->Illuminate\Pipeline\{closure}(Object(Illuminate\Http\Request))
#13 /home/gerzahim/inventory_arsenal/core/app/Http/Middleware/Language.php(27): Illuminate\Routing\Pipeline->Illuminate\Routing\{closure}(Object(Illuminate\Http\Request))
#14 /home/gerzahim/inventory_arsenal/core/vendor/laravel/framework/src/Illuminate/Pipeline/Pipeline.php(137): Inventory\Http\Middleware\Language->handle(Object(Illuminate\Http\Request), Object(Closure))
#15 /home/gerzahim/inventory_arsenal/core/vendor/laravel/framework/src/Illuminate/Routing/Pipeline.php(33): Illuminate\Pipeline\Pipeline->Illuminate\Pipeline\{closure}(Object(Illuminate\Http\Request))
#16 /home/gerzahim/inventory_arsenal/core/vendor/laravel/framework/src/Illuminate/Routing/Middleware/SubstituteBindings.php(41): Illuminate\Routing\Pipeline->Illuminate\Routing\{closure}(Object(Illuminate\Http\Request))
#17 /home/gerzahim/inventory_arsenal/core/vendor/laravel/framework/src/Illuminate/Pipeline/Pipeline.php(137): Illuminate\Routing\Middleware\SubstituteBindings->handle(Object(Illuminate\Http\Request), Object(Closure))
#18 /home/gerzahim/inventory_arsenal/core/vendor/laravel/framework/src/Illuminate/Routing/Pipeline.php(33): Illuminate\Pipeline\Pipeline->Illuminate\Pipeline\{closure}(Object(Illuminate\Http\Request))
#19 /home/gerzahim/inventory_arsenal/core/vendor/laravel/framework/src/Illuminate/Foundation/Http/Middleware/VerifyCsrfToken.php(65): Illuminate\Routing\Pipeline->Illuminate\Routing\{closure}(Object(Illuminate\Http\Request))
#20 /home/gerzahim/inventory_arsenal/core/app/Http/Middleware/VerifyCsrfToken.php(27): Illuminate\Foundation\Http\Middleware\VerifyCsrfToken->handle(Object(Illuminate\Http\Request), Object(Closure))
#21 /home/gerzahim/inventory_arsenal/core/vendor/laravel/framework/src/Illuminate/Pipeline/Pipeline.php(137): Inventory\Http\Middleware\VerifyCsrfToken->handle(Object(Illuminate\Http\Request), Object(Closure))
#22 /home/gerzahim/inventory_arsenal/core/vendor/laravel/framework/src/Illuminate/Routing/Pipeline.php(33): Illuminate\Pipeline\Pipeline->Illuminate\Pipeline\{closure}(Object(Illuminate\Http\Request))
#23 /home/gerzahim/inventory_arsenal/core/vendor/laravel/framework/src/Illuminate/View/Middleware/ShareErrorsFromSession.php(49): Illuminate\Routing\Pipeline->Illuminate\Routing\{closure}(Object(Illuminate\Http\Request))
#24 /home/gerzahim/inventory_arsenal/core/vendor/laravel/framework/src/Illuminate/Pipeline/Pipeline.php(137): Illuminate\View\Middleware\ShareErrorsFromSession->handle(Object(Illuminate\Http\Request), Object(Closure))
#25 /home/gerzahim/inventory_arsenal/core/vendor/laravel/framework/src/Illuminate/Routing/Pipeline.php(33): Illuminate\Pipeline\Pipeline->Illuminate\Pipeline\{closure}(Object(Illuminate\Http\Request))
#26 /home/gerzahim/inventory_arsenal/core/vendor/laravel/framework/src/Illuminate/Session/Middleware/StartSession.php(64): Illuminate\Routing\Pipeline->Illuminate\Routing\{closure}(Object(Illuminate\Http\Request))
#27 /home/gerzahim/inventory_arsenal/core/vendor/laravel/framework/src/Illuminate/Pipeline/Pipeline.php(137): Illuminate\Session\Middleware\StartSession->handle(Object(Illuminate\Http\Request), Object(Closure))
#28 /home/gerzahim/inventory_arsenal/core/vendor/laravel/framework/src/Illuminate/Routing/Pipeline.php(33): Illuminate\Pipeline\Pipeline->Illuminate\Pipeline\{closure}(Object(Illuminate\Http\Request))
#29 /home/gerzahim/inventory_arsenal/core/vendor/laravel/framework/src/Illuminate/Cookie/Middleware/AddQueuedCookiesToResponse.php(37): Illuminate\Routing\Pipeline->Illuminate\Routing\{closure}(Object(Illuminate\Http\Request))
#30 /home/gerzahim/inventory_arsenal/core/vendor/laravel/framework/src/Illuminate/Pipeline/Pipeline.php(137): Illuminate\Cookie\Middleware\AddQueuedCookiesToResponse->handle(Object(Illuminate\Http\Request), Object(Closure))
#31 /home/gerzahim/inventory_arsenal/core/vendor/laravel/framework/src/Illuminate/Routing/Pipeline.php(33): Illuminate\Pipeline\Pipeline->Illuminate\Pipeline\{closure}(Object(Illuminate\Http\Request))
#32 /home/gerzahim/inventory_arsenal/core/vendor/laravel/framework/src/Illuminate/Cookie/Middleware/EncryptCookies.php(59): Illuminate\Routing\Pipeline->Illuminate\Routing\{closure}(Object(Illuminate\Http\Request))
#33 /home/gerzahim/inventory_arsenal/core/vendor/laravel/framework/src/Illuminate/Pipeline/Pipeline.php(137): Illuminate\Cookie\Middleware\EncryptCookies->handle(Object(Illuminate\Http\Request), Object(Closure))
#34 /home/gerzahim/inventory_arsenal/core/vendor/laravel/framework/src/Illuminate/Routing/Pipeline.php(33): Illuminate\Pipeline\Pipeline->Illuminate\Pipeline\{closure}(Object(Illuminate\Http\Request))
#35 /home/gerzahim/inventory_arsenal/core/vendor/laravel/framework/src/Illuminate/Pipeline/Pipeline.php(104): Illuminate\Routing\Pipeline->Illuminate\Routing\{closure}(Object(Illuminate\Http\Request))
#36 /home/gerzahim/inventory_arsenal/core/vendor/laravel/framework/src/Illuminate/Routing/Router.php(655): Illuminate\Pipeline\Pipeline->then(Object(Closure))
#37 /home/gerzahim/inventory_arsenal/core/vendor/laravel/framework/src/Illuminate/Routing/Router.php(629): Illuminate\Routing\Router->runRouteWithinStack(Object(Illuminate\Routing\Route), Object(Illuminate\Http\Request))
#38 /home/gerzahim/inventory_arsenal/core/vendor/laravel/framework/src/Illuminate/Routing/Router.php(607): Illuminate\Routing\Router->dispatchToRoute(Object(Illuminate\Http\Request))
#39 /home/gerzahim/inventory_arsenal/core/vendor/laravel/framework/src/Illuminate/Foundation/Http/Kernel.php(268): Illuminate\Routing\Router->dispatch(Object(Illuminate\Http\Request))
#40 /home/gerzahim/inventory_arsenal/core/vendor/laravel/framework/src/Illuminate/Routing/Pipeline.php(53): Illuminate\Foundation\Http\Kernel->Illuminate\Foundation\Http\{closure}(Object(Illuminate\Http\Request))
#41 /home/gerzahim/inventory_arsenal/core/vendor/laravel/framework/src/Illuminate/Foundation/Http/Middleware/CheckForMaintenanceMode.php(46): Illuminate\Routing\Pipeline->Illuminate\Routing\{closure}(Object(Illuminate\Http\Request))
#42 /home/gerzahim/inventory_arsenal/core/vendor/laravel/framework/src/Illuminate/Pipeline/Pipeline.php(137): Illuminate\Foundation\Http\Middleware\CheckForMaintenanceMode->handle(Object(Illuminate\Http\Request), Object(Closure))
#43 /home/gerzahim/inventory_arsenal/core/vendor/laravel/framework/src/Illuminate/Routing/Pipeline.php(33): Illuminate\Pipeline\Pipeline->Illuminate\Pipeline\{closure}(Object(Illuminate\Http\Request))
#44 /home/gerzahim/inventory_arsenal/core/vendor/laravel/framework/src/Illuminate/Pipeline/Pipeline.php(104): Illuminate\Routing\Pipeline->Illuminate\Routing\{closure}(Object(Illuminate\Http\Request))
#45 /home/gerzahim/inventory_arsenal/core/vendor/laravel/framework/src/Illuminate/Foundation/Http/Kernel.php(150): Illuminate\Pipeline\Pipeline->then(Object(Closure))
#46 /home/gerzahim/inventory_arsenal/core/vendor/laravel/framework/src/Illuminate/Foundation/Http/Kernel.php(117): Illuminate\Foundation\Http\Kernel->sendRequestThroughRouter(Object(Illuminate\Http\Request))
#47 /home/gerzahim/public_html/inventoryarsenal/index.php(52): Illuminate\Foundation\Http\Kernel->handle(Object(Illuminate\Http\Request))
#48 {main}  
[2018-11-13 01:48:06] production.ERROR: Symfony\Component\Debug\Exception\FatalThrowableError: Class 'Inventory\Models\ProductFile' not found in /home/gerzahim/inventory_arsenal/core/app/Http/Controllers/ProductsController.php:362
Stack trace:
#0 [internal function]: Inventory\Http\Controllers\ProductsController->add_files('73e3b7fc-ba22-1...')
#1 /home/gerzahim/inventory_arsenal/core/vendor/laravel/framework/src/Illuminate/Routing/Controller.php(55): call_user_func_array(Array, Array)
#2 /home/gerzahim/inventory_arsenal/core/vendor/laravel/framework/src/Illuminate/Routing/ControllerDispatcher.php(44): Illuminate\Routing\Controller->callAction('add_files', Array)
#3 /home/gerzahim/inventory_arsenal/core/vendor/laravel/framework/src/Illuminate/Routing/Route.php(189): Illuminate\Routing\ControllerDispatcher->dispatch(Object(Illuminate\Routing\Route), Object(Inventory\Http\Controllers\ProductsController), 'add_files')
#4 /home/gerzahim/inventory_arsenal/core/vendor/laravel/framework/src/Illuminate/Routing/Route.php(144): Illuminate\Routing\Route->runController()
#5 /home/gerzahim/inventory_arsenal/core/vendor/laravel/framework/src/Illuminate/Routing/Router.php(653): Illuminate\Routing\Route->run(Object(Illuminate\Http\Request))
#6 /home/gerzahim/inventory_arsenal/core/vendor/laravel/framework/src/Illuminate/Routing/Pipeline.php(53): Illuminate\Routing\Router->Illuminate\Routing\{closure}(Object(Illuminate\Http\Request))
#7 /home/gerzahim/inventory_arsenal/core/app/Http/Middleware/Authenticate.php(43): Illuminate\Routing\Pipeline->Illuminate\Routing\{closure}(Object(Illuminate\Http\Request))
#8 /home/gerzahim/inventory_arsenal/core/vendor/laravel/framework/src/Illuminate/Pipeline/Pipeline.php(137): Inventory\Http\Middleware\Authenticate->handle(Object(Illuminate\Http\Request), Object(Closure))
#9 /home/gerzahim/inventory_arsenal/core/vendor/laravel/framework/src/Illuminate/Routing/Pipeline.php(33): Illuminate\Pipeline\Pipeline->Illuminate\Pipeline\{closure}(Object(Illuminate\Http\Request))
#10 /home/gerzahim/inventory_arsenal/core/app/Http/Middleware/Install.php(20): Illuminate\Routing\Pipeline->Illuminate\Routing\{closure}(Object(Illuminate\Http\Request))
#11 /home/gerzahim/inventory_arsenal/core/vendor/laravel/framework/src/Illuminate/Pipeline/Pipeline.php(137): Inventory\Http\Middleware\Install->handle(Object(Illuminate\Http\Request), Object(Closure))
#12 /home/gerzahim/inventory_arsenal/core/vendor/laravel/framework/src/Illuminate/Routing/Pipeline.php(33): Illuminate\Pipeline\Pipeline->Illuminate\Pipeline\{closure}(Object(Illuminate\Http\Request))
#13 /home/gerzahim/inventory_arsenal/core/app/Http/Middleware/Language.php(27): Illuminate\Routing\Pipeline->Illuminate\Routing\{closure}(Object(Illuminate\Http\Request))
#14 /home/gerzahim/inventory_arsenal/core/vendor/laravel/framework/src/Illuminate/Pipeline/Pipeline.php(137): Inventory\Http\Middleware\Language->handle(Object(Illuminate\Http\Request), Object(Closure))
#15 /home/gerzahim/inventory_arsenal/core/vendor/laravel/framework/src/Illuminate/Routing/Pipeline.php(33): Illuminate\Pipeline\Pipeline->Illuminate\Pipeline\{closure}(Object(Illuminate\Http\Request))
#16 /home/gerzahim/inventory_arsenal/core/vendor/laravel/framework/src/Illuminate/Routing/Middleware/SubstituteBindings.php(41): Illuminate\Routing\Pipeline->Illuminate\Routing\{closure}(Object(Illuminate\Http\Request))
#17 /home/gerzahim/inventory_arsenal/core/vendor/laravel/framework/src/Illuminate/Pipeline/Pipeline.php(137): Illuminate\Routing\Middleware\SubstituteBindings->handle(Object(Illuminate\Http\Request), Object(Closure))
#18 /home/gerzahim/inventory_arsenal/core/vendor/laravel/framework/src/Illuminate/Routing/Pipeline.php(33): Illuminate\Pipeline\Pipeline->Illuminate\Pipeline\{closure}(Object(Illuminate\Http\Request))
#19 /home/gerzahim/inventory_arsenal/core/vendor/laravel/framework/src/Illuminate/Foundation/Http/Middleware/VerifyCsrfToken.php(65): Illuminate\Routing\Pipeline->Illuminate\Routing\{closure}(Object(Illuminate\Http\Request))
#20 /home/gerzahim/inventory_arsenal/core/app/Http/Middleware/VerifyCsrfToken.php(27): Illuminate\Foundation\Http\Middleware\VerifyCsrfToken->handle(Object(Illuminate\Http\Request), Object(Closure))
#21 /home/gerzahim/inventory_arsenal/core/vendor/laravel/framework/src/Illuminate/Pipeline/Pipeline.php(137): Inventory\Http\Middleware\VerifyCsrfToken->handle(Object(Illuminate\Http\Request), Object(Closure))
#22 /home/gerzahim/inventory_arsenal/core/vendor/laravel/framework/src/Illuminate/Routing/Pipeline.php(33): Illuminate\Pipeline\Pipeline->Illuminate\Pipeline\{closure}(Object(Illuminate\Http\Request))
#23 /home/gerzahim/inventory_arsenal/core/vendor/laravel/framework/src/Illuminate/View/Middleware/ShareErrorsFromSession.php(49): Illuminate\Routing\Pipeline->Illuminate\Routing\{closure}(Object(Illuminate\Http\Request))
#24 /home/gerzahim/inventory_arsenal/core/vendor/laravel/framework/src/Illuminate/Pipeline/Pipeline.php(137): Illuminate\View\Middleware\ShareErrorsFromSession->handle(Object(Illuminate\Http\Request), Object(Closure))
#25 /home/gerzahim/inventory_arsenal/core/vendor/laravel/framework/src/Illuminate/Routing/Pipeline.php(33): Illuminate\Pipeline\Pipeline->Illuminate\Pipeline\{closure}(Object(Illuminate\Http\Request))
#26 /home/gerzahim/inventory_arsenal/core/vendor/laravel/framework/src/Illuminate/Session/Middleware/StartSession.php(64): Illuminate\Routing\Pipeline->Illuminate\Routing\{closure}(Object(Illuminate\Http\Request))
#27 /home/gerzahim/inventory_arsenal/core/vendor/laravel/framework/src/Illuminate/Pipeline/Pipeline.php(137): Illuminate\Session\Middleware\StartSession->handle(Object(Illuminate\Http\Request), Object(Closure))
#28 /home/gerzahim/inventory_arsenal/core/vendor/laravel/framework/src/Illuminate/Routing/Pipeline.php(33): Illuminate\Pipeline\Pipeline->Illuminate\Pipeline\{closure}(Object(Illuminate\Http\Request))
#29 /home/gerzahim/inventory_arsenal/core/vendor/laravel/framework/src/Illuminate/Cookie/Middleware/AddQueuedCookiesToResponse.php(37): Illuminate\Routing\Pipeline->Illuminate\Routing\{closure}(Object(Illuminate\Http\Request))
#30 /home/gerzahim/inventory_arsenal/core/vendor/laravel/framework/src/Illuminate/Pipeline/Pipeline.php(137): Illuminate\Cookie\Middleware\AddQueuedCookiesToResponse->handle(Object(Illuminate\Http\Request), Object(Closure))
#31 /home/gerzahim/inventory_arsenal/core/vendor/laravel/framework/src/Illuminate/Routing/Pipeline.php(33): Illuminate\Pipeline\Pipeline->Illuminate\Pipeline\{closure}(Object(Illuminate\Http\Request))
#32 /home/gerzahim/inventory_arsenal/core/vendor/laravel/framework/src/Illuminate/Cookie/Middleware/EncryptCookies.php(59): Illuminate\Routing\Pipeline->Illuminate\Routing\{closure}(Object(Illuminate\Http\Request))
#33 /home/gerzahim/inventory_arsenal/core/vendor/laravel/framework/src/Illuminate/Pipeline/Pipeline.php(137): Illuminate\Cookie\Middleware\EncryptCookies->handle(Object(Illuminate\Http\Request), Object(Closure))
#34 /home/gerzahim/inventory_arsenal/core/vendor/laravel/framework/src/Illuminate/Routing/Pipeline.php(33): Illuminate\Pipeline\Pipeline->Illuminate\Pipeline\{closure}(Object(Illuminate\Http\Request))
#35 /home/gerzahim/inventory_arsenal/core/vendor/laravel/framework/src/Illuminate/Pipeline/Pipeline.php(104): Illuminate\Routing\Pipeline->Illuminate\Routing\{closure}(Object(Illuminate\Http\Request))
#36 /home/gerzahim/inventory_arsenal/core/vendor/laravel/framework/src/Illuminate/Routing/Router.php(655): Illuminate\Pipeline\Pipeline->then(Object(Closure))
#37 /home/gerzahim/inventory_arsenal/core/vendor/laravel/framework/src/Illuminate/Routing/Router.php(629): Illuminate\Routing\Router->runRouteWithinStack(Object(Illuminate\Routing\Route), Object(Illuminate\Http\Request))
#38 /home/gerzahim/inventory_arsenal/core/vendor/laravel/framework/src/Illuminate/Routing/Router.php(607): Illuminate\Routing\Router->dispatchToRoute(Object(Illuminate\Http\Request))
#39 /home/gerzahim/inventory_arsenal/core/vendor/laravel/framework/src/Illuminate/Foundation/Http/Kernel.php(268): Illuminate\Routing\Router->dispatch(Object(Illuminate\Http\Request))
#40 /home/gerzahim/inventory_arsenal/core/vendor/laravel/framework/src/Illuminate/Routing/Pipeline.php(53): Illuminate\Foundation\Http\Kernel->Illuminate\Foundation\Http\{closure}(Object(Illuminate\Http\Request))
#41 /home/gerzahim/inventory_arsenal/core/vendor/laravel/framework/src/Illuminate/Foundation/Http/Middleware/CheckForMaintenanceMode.php(46): Illuminate\Routing\Pipeline->Illuminate\Routing\{closure}(Object(Illuminate\Http\Request))
#42 /home/gerzahim/inventory_arsenal/core/vendor/laravel/framework/src/Illuminate/Pipeline/Pipeline.php(137): Illuminate\Foundation\Http\Middleware\CheckForMaintenanceMode->handle(Object(Illuminate\Http\Request), Object(Closure))
#43 /home/gerzahim/inventory_arsenal/core/vendor/laravel/framework/src/Illuminate/Routing/Pipeline.php(33): Illuminate\Pipeline\Pipeline->Illuminate\Pipeline\{closure}(Object(Illuminate\Http\Request))
#44 /home/gerzahim/inventory_arsenal/core/vendor/laravel/framework/src/Illuminate/Pipeline/Pipeline.php(104): Illuminate\Routing\Pipeline->Illuminate\Routing\{closure}(Object(Illuminate\Http\Request))
#45 /home/gerzahim/inventory_arsenal/core/vendor/laravel/framework/src/Illuminate/Foundation/Http/Kernel.php(150): Illuminate\Pipeline\Pipeline->then(Object(Closure))
#46 /home/gerzahim/inventory_arsenal/core/vendor/laravel/framework/src/Illuminate/Foundation/Http/Kernel.php(117): Illuminate\Foundation\Http\Kernel->sendRequestThroughRouter(Object(Illuminate\Http\Request))
#47 /home/gerzahim/public_html/inventoryarsenal/index.php(52): Illuminate\Foundation\Http\Kernel->handle(Object(Illuminate\Http\Request))
#48 {main}  
